2017-09-12 11:47:52 - MOD: Modification Default

FILE: system/engine/action.php
REGEX: ~(require|include)(_once)?\(([^)]+)~
LINE: 41

FILE: system/engine/loader.php
REGEX: ~(require|include)(_once)?\(([^)]+)~
LINE: 49
LINE: 108
LINE: 120
LINE: 165

FILE: system/library/config.php
REGEX: ~(require|include)(_once)?\(([^)]+)~
LINE: 23

FILE: system/library/language.php
REGEX: ~(require|include)(_once)?\(([^)]+)~
LINE: 38
LINE: 40
LINE: 49
LINE: 51
LINE: 60
LINE: 62

FILE: system/library/template/php.php
REGEX: ~(require|include)(_once)?\(([^)]+)~
LINE: 18

FILE: system/library/template/tiwg.php
REGEX: ~(require|include)(_once)?\(([^)]+)~
LINE: 24
----------------------------------------------------------------
MOD: fondy_payment

FILE: catalog/controller/checkout/checkout.php
CODE: public function index() {
LINE: 11

FILE: catalog/view/theme/default/template/checkout/checkout.tpl
CODE: <h1><?php echo $heading_title; ?></h1>
LINE: 26
----------------------------------------------------------------
MOD: OcStore 2.3.x track number

FILE: admin/controller/sale/order.php
CODE: $data['shipping_method'] = $order_info['shipping_method'];
LINE: 567
LINE: 942
CODE: public function history() {
LINE: 1545

FILE: admin/model/sale/order.php
CODE: $order_query->row['order_id'],
LINE: 96

FILE: catalog/model/checkout/order.php
CODE: $order_query->row['order_id'],
LINE: 170

FILE: admin/view/template/sale/order_info.tpl
CODE: <td><?php echo $text_reward; ?></td>
LINE: 100
CODE: <?php echo $footer; ?>
LINE: 700

FILE: catalog/model/account/order.php
CODE: $order_query->row['order_id'],
LINE: 46

FILE: catalog/controller/account/order.php
CODE: if ($order_info['invoice_no']) {
LINE: 210

FILE: catalog/view/theme/default/template/account/order_info.tpl
CODE: <b><?php echo $text_shipping_method; ?></b> <?php echo $shipping_method; ?>
LINE: 49
----------------------------------------------------------------
MOD: 

FILE: admin/controller/common/filemanager.php
CODE: jpg,jpeg,png,gif,JPG,JPEG,PNG,GIF
LINE: 72
CODE: 'jpg',
LINE: 303
CODE: 'image/jpeg',
LINE: 317

FILE: admin/model/tool/image.php
CODE: $extension = pathinfo($filename, PATHINFO_EXTENSION);
LINE: 13

FILE: system/helper/general.php
CODE: function token($length = 32) {
LINE: 1

FILE: catalog/controller/common/header.php
CODE: $data['logo'] = $server . 'image/' . $this->config->get('config_logo');
LINE: 40

FILE: catalog/controller/common/footer.php
CODE: return $this->load->view('common/footer', $data);
LINE: 74
----------------------------------------------------------------
2017-09-12 12:15:51 - MOD: Modification Default

FILE: system/engine/action.php
REGEX: ~(require|include)(_once)?\(([^)]+)~
LINE: 41

FILE: system/engine/loader.php
REGEX: ~(require|include)(_once)?\(([^)]+)~
LINE: 49
LINE: 108
LINE: 120
LINE: 165

FILE: system/library/config.php
REGEX: ~(require|include)(_once)?\(([^)]+)~
LINE: 23

FILE: system/library/language.php
REGEX: ~(require|include)(_once)?\(([^)]+)~
LINE: 38
LINE: 40
LINE: 49
LINE: 51
LINE: 60
LINE: 62

FILE: system/library/template/php.php
REGEX: ~(require|include)(_once)?\(([^)]+)~
LINE: 18

FILE: system/library/template/tiwg.php
REGEX: ~(require|include)(_once)?\(([^)]+)~
LINE: 24
----------------------------------------------------------------
MOD: fondy_payment

FILE: catalog/controller/checkout/checkout.php
CODE: public function index() {
LINE: 11

FILE: catalog/view/theme/default/template/checkout/checkout.tpl
CODE: <h1><?php echo $heading_title; ?></h1>
LINE: 26
----------------------------------------------------------------
MOD: OcStore 2.3.x track number

FILE: admin/controller/sale/order.php
CODE: $data['shipping_method'] = $order_info['shipping_method'];
LINE: 567
LINE: 942
CODE: public function history() {
LINE: 1545

FILE: admin/model/sale/order.php
CODE: $order_query->row['order_id'],
LINE: 96

FILE: catalog/model/checkout/order.php
CODE: $order_query->row['order_id'],
LINE: 170

FILE: admin/view/template/sale/order_info.tpl
CODE: <td><?php echo $text_reward; ?></td>
LINE: 100
CODE: <?php echo $footer; ?>
LINE: 700

FILE: catalog/model/account/order.php
CODE: $order_query->row['order_id'],
LINE: 46

FILE: catalog/controller/account/order.php
CODE: if ($order_info['invoice_no']) {
LINE: 210

FILE: catalog/view/theme/default/template/account/order_info.tpl
CODE: <b><?php echo $text_shipping_method; ?></b> <?php echo $shipping_method; ?>
LINE: 49
----------------------------------------------------------------
MOD: SVG Tool Image

FILE: admin/controller/common/filemanager.php
CODE: jpg,jpeg,png,gif,JPG,JPEG,PNG,GIF
LINE: 72
CODE: 'gif',
LINE: 305
CODE: 'image/x-png',
LINE: 318

FILE: admin/model/tool/image.php
CODE: $new_image
LINE: 47
CODE: $extension = pathinfo($filename, PATHINFO_EXTENSION);
LINE: 16
CODE: $extension = $info['extension'];
NOT FOUND - OPERATION SKIPPED!
CODE: if (isset($this->request->server['HTTPS']) && (($this->request->server['HTTPS'] == 'on') || ($this->request->server['HTTPS'] == '1'))) {
LINE: 53
CODE: if ($this->request->server['HTTPS']) {
NOT FOUND - OPERATION SKIPPED!

FILE: catalog/model/tool/image.php
CODE: $new_image
LINE: 47
LINE: 50
LINE: 52
CODE: $extension = pathinfo($filename, PATHINFO_EXTENSION);
LINE: 16
CODE: $extension = $info['extension'];
NOT FOUND - OPERATION SKIPPED!
CODE: if (isset($this->request->server['HTTPS']) && (($this->request->server['HTTPS'] == 'on') || ($this->request->server['HTTPS'] == '1'))) {
LINE: 53
CODE: if ($this->request->server['HTTPS']) {
NOT FOUND - OPERATION SKIPPED!
----------------------------------------------------------------
2017-09-12 16:43:10 - MOD: Modification Default

FILE: system/engine/action.php
REGEX: ~(require|include)(_once)?\(([^)]+)~
LINE: 41

FILE: system/engine/loader.php
REGEX: ~(require|include)(_once)?\(([^)]+)~
LINE: 49
LINE: 108
LINE: 120
LINE: 165

FILE: system/library/config.php
REGEX: ~(require|include)(_once)?\(([^)]+)~
LINE: 23

FILE: system/library/language.php
REGEX: ~(require|include)(_once)?\(([^)]+)~
LINE: 38
LINE: 40
LINE: 49
LINE: 51
LINE: 60
LINE: 62

FILE: system/library/template/php.php
REGEX: ~(require|include)(_once)?\(([^)]+)~
LINE: 18

FILE: system/library/template/tiwg.php
REGEX: ~(require|include)(_once)?\(([^)]+)~
LINE: 24
----------------------------------------------------------------
MOD: fondy_payment

FILE: catalog/controller/checkout/checkout.php
CODE: public function index() {
LINE: 11

FILE: catalog/view/theme/default/template/checkout/checkout.tpl
CODE: <h1><?php echo $heading_title; ?></h1>
LINE: 26
----------------------------------------------------------------
MOD: OcStore 2.3.x track number

FILE: admin/controller/sale/order.php
CODE: $data['shipping_method'] = $order_info['shipping_method'];
LINE: 567
LINE: 942
CODE: public function history() {
LINE: 1545

FILE: admin/model/sale/order.php
CODE: $order_query->row['order_id'],
LINE: 96

FILE: catalog/model/checkout/order.php
CODE: $order_query->row['order_id'],
LINE: 170

FILE: admin/view/template/sale/order_info.tpl
CODE: <td><?php echo $text_reward; ?></td>
LINE: 100
CODE: <?php echo $footer; ?>
LINE: 700

FILE: catalog/model/account/order.php
CODE: $order_query->row['order_id'],
LINE: 46

FILE: catalog/controller/account/order.php
CODE: if ($order_info['invoice_no']) {
LINE: 210

FILE: catalog/view/theme/default/template/account/order_info.tpl
CODE: <b><?php echo $text_shipping_method; ?></b> <?php echo $shipping_method; ?>
LINE: 49
----------------------------------------------------------------
MOD: SVG Tool Image

FILE: admin/controller/common/filemanager.php
CODE: jpg,jpeg,png,gif,JPG,JPEG,PNG,GIF
LINE: 72
CODE: 'gif',
LINE: 305
CODE: 'image/x-png',
LINE: 318

FILE: admin/model/tool/image.php
CODE: $new_image
LINE: 47
CODE: $extension = pathinfo($filename, PATHINFO_EXTENSION);
LINE: 16
CODE: $extension = $info['extension'];
NOT FOUND - OPERATION SKIPPED!
CODE: if (isset($this->request->server['HTTPS']) && (($this->request->server['HTTPS'] == 'on') || ($this->request->server['HTTPS'] == '1'))) {
LINE: 53
CODE: if ($this->request->server['HTTPS']) {
NOT FOUND - OPERATION SKIPPED!

FILE: catalog/model/tool/image.php
CODE: $new_image
LINE: 47
LINE: 50
LINE: 52
CODE: $extension = pathinfo($filename, PATHINFO_EXTENSION);
LINE: 16
CODE: $extension = $info['extension'];
NOT FOUND - OPERATION SKIPPED!
CODE: if (isset($this->request->server['HTTPS']) && (($this->request->server['HTTPS'] == 'on') || ($this->request->server['HTTPS'] == '1'))) {
LINE: 53
CODE: if ($this->request->server['HTTPS']) {
NOT FOUND - OPERATION SKIPPED!
----------------------------------------------------------------
MOD: List Out All Products OpenCart 2.3 OCmod

FILE: catalog/controller/common/header.php
CODE: $data['categories'] = array();
LINE: 95
----------------------------------------------------------------
2017-09-12 16:43:13 - MOD: Modification Default

FILE: system/engine/action.php
REGEX: ~(require|include)(_once)?\(([^)]+)~
LINE: 41

FILE: system/engine/loader.php
REGEX: ~(require|include)(_once)?\(([^)]+)~
LINE: 49
LINE: 108
LINE: 120
LINE: 165

FILE: system/library/config.php
REGEX: ~(require|include)(_once)?\(([^)]+)~
LINE: 23

FILE: system/library/language.php
REGEX: ~(require|include)(_once)?\(([^)]+)~
LINE: 38
LINE: 40
LINE: 49
LINE: 51
LINE: 60
LINE: 62

FILE: system/library/template/php.php
REGEX: ~(require|include)(_once)?\(([^)]+)~
LINE: 18

FILE: system/library/template/tiwg.php
REGEX: ~(require|include)(_once)?\(([^)]+)~
LINE: 24
----------------------------------------------------------------
MOD: fondy_payment

FILE: catalog/controller/checkout/checkout.php
CODE: public function index() {
LINE: 11

FILE: catalog/view/theme/default/template/checkout/checkout.tpl
CODE: <h1><?php echo $heading_title; ?></h1>
LINE: 26
----------------------------------------------------------------
MOD: OcStore 2.3.x track number

FILE: admin/controller/sale/order.php
CODE: $data['shipping_method'] = $order_info['shipping_method'];
LINE: 567
LINE: 942
CODE: public function history() {
LINE: 1545

FILE: admin/model/sale/order.php
CODE: $order_query->row['order_id'],
LINE: 96

FILE: catalog/model/checkout/order.php
CODE: $order_query->row['order_id'],
LINE: 170

FILE: admin/view/template/sale/order_info.tpl
CODE: <td><?php echo $text_reward; ?></td>
LINE: 100
CODE: <?php echo $footer; ?>
LINE: 700

FILE: catalog/model/account/order.php
CODE: $order_query->row['order_id'],
LINE: 46

FILE: catalog/controller/account/order.php
CODE: if ($order_info['invoice_no']) {
LINE: 210

FILE: catalog/view/theme/default/template/account/order_info.tpl
CODE: <b><?php echo $text_shipping_method; ?></b> <?php echo $shipping_method; ?>
LINE: 49
----------------------------------------------------------------
MOD: SVG Tool Image

FILE: admin/controller/common/filemanager.php
CODE: jpg,jpeg,png,gif,JPG,JPEG,PNG,GIF
LINE: 72
CODE: 'gif',
LINE: 305
CODE: 'image/x-png',
LINE: 318

FILE: admin/model/tool/image.php
CODE: $new_image
LINE: 47
CODE: $extension = pathinfo($filename, PATHINFO_EXTENSION);
LINE: 16
CODE: $extension = $info['extension'];
NOT FOUND - OPERATION SKIPPED!
CODE: if (isset($this->request->server['HTTPS']) && (($this->request->server['HTTPS'] == 'on') || ($this->request->server['HTTPS'] == '1'))) {
LINE: 53
CODE: if ($this->request->server['HTTPS']) {
NOT FOUND - OPERATION SKIPPED!

FILE: catalog/model/tool/image.php
CODE: $new_image
LINE: 47
LINE: 50
LINE: 52
CODE: $extension = pathinfo($filename, PATHINFO_EXTENSION);
LINE: 16
CODE: $extension = $info['extension'];
NOT FOUND - OPERATION SKIPPED!
CODE: if (isset($this->request->server['HTTPS']) && (($this->request->server['HTTPS'] == 'on') || ($this->request->server['HTTPS'] == '1'))) {
LINE: 53
CODE: if ($this->request->server['HTTPS']) {
NOT FOUND - OPERATION SKIPPED!
----------------------------------------------------------------
MOD: List Out All Products OpenCart 2.3 OCmod

FILE: catalog/controller/common/header.php
CODE: $data['categories'] = array();
LINE: 95
----------------------------------------------------------------
2017-09-12 16:43:14 - MOD: Modification Default

FILE: system/engine/action.php
REGEX: ~(require|include)(_once)?\(([^)]+)~
LINE: 41

FILE: system/engine/loader.php
REGEX: ~(require|include)(_once)?\(([^)]+)~
LINE: 49
LINE: 108
LINE: 120
LINE: 165

FILE: system/library/config.php
REGEX: ~(require|include)(_once)?\(([^)]+)~
LINE: 23

FILE: system/library/language.php
REGEX: ~(require|include)(_once)?\(([^)]+)~
LINE: 38
LINE: 40
LINE: 49
LINE: 51
LINE: 60
LINE: 62

FILE: system/library/template/php.php
REGEX: ~(require|include)(_once)?\(([^)]+)~
LINE: 18

FILE: system/library/template/tiwg.php
REGEX: ~(require|include)(_once)?\(([^)]+)~
LINE: 24
----------------------------------------------------------------
MOD: fondy_payment

FILE: catalog/controller/checkout/checkout.php
CODE: public function index() {
LINE: 11

FILE: catalog/view/theme/default/template/checkout/checkout.tpl
CODE: <h1><?php echo $heading_title; ?></h1>
LINE: 26
----------------------------------------------------------------
MOD: OcStore 2.3.x track number

FILE: admin/controller/sale/order.php
CODE: $data['shipping_method'] = $order_info['shipping_method'];
LINE: 567
LINE: 942
CODE: public function history() {
LINE: 1545

FILE: admin/model/sale/order.php
CODE: $order_query->row['order_id'],
LINE: 96

FILE: catalog/model/checkout/order.php
CODE: $order_query->row['order_id'],
LINE: 170

FILE: admin/view/template/sale/order_info.tpl
CODE: <td><?php echo $text_reward; ?></td>
LINE: 100
CODE: <?php echo $footer; ?>
LINE: 700

FILE: catalog/model/account/order.php
CODE: $order_query->row['order_id'],
LINE: 46

FILE: catalog/controller/account/order.php
CODE: if ($order_info['invoice_no']) {
LINE: 210

FILE: catalog/view/theme/default/template/account/order_info.tpl
CODE: <b><?php echo $text_shipping_method; ?></b> <?php echo $shipping_method; ?>
LINE: 49
----------------------------------------------------------------
MOD: SVG Tool Image

FILE: admin/controller/common/filemanager.php
CODE: jpg,jpeg,png,gif,JPG,JPEG,PNG,GIF
LINE: 72
CODE: 'gif',
LINE: 305
CODE: 'image/x-png',
LINE: 318

FILE: admin/model/tool/image.php
CODE: $new_image
LINE: 47
CODE: $extension = pathinfo($filename, PATHINFO_EXTENSION);
LINE: 16
CODE: $extension = $info['extension'];
NOT FOUND - OPERATION SKIPPED!
CODE: if (isset($this->request->server['HTTPS']) && (($this->request->server['HTTPS'] == 'on') || ($this->request->server['HTTPS'] == '1'))) {
LINE: 53
CODE: if ($this->request->server['HTTPS']) {
NOT FOUND - OPERATION SKIPPED!

FILE: catalog/model/tool/image.php
CODE: $new_image
LINE: 47
LINE: 50
LINE: 52
CODE: $extension = pathinfo($filename, PATHINFO_EXTENSION);
LINE: 16
CODE: $extension = $info['extension'];
NOT FOUND - OPERATION SKIPPED!
CODE: if (isset($this->request->server['HTTPS']) && (($this->request->server['HTTPS'] == 'on') || ($this->request->server['HTTPS'] == '1'))) {
LINE: 53
CODE: if ($this->request->server['HTTPS']) {
NOT FOUND - OPERATION SKIPPED!
----------------------------------------------------------------
MOD: List Out All Products OpenCart 2.3 OCmod

FILE: catalog/controller/common/header.php
CODE: $data['categories'] = array();
LINE: 95
----------------------------------------------------------------
2017-09-12 16:43:43 - MOD: Modification Default

FILE: system/engine/action.php
REGEX: ~(require|include)(_once)?\(([^)]+)~
LINE: 41

FILE: system/engine/loader.php
REGEX: ~(require|include)(_once)?\(([^)]+)~
LINE: 49
LINE: 108
LINE: 120
LINE: 165

FILE: system/library/config.php
REGEX: ~(require|include)(_once)?\(([^)]+)~
LINE: 23

FILE: system/library/language.php
REGEX: ~(require|include)(_once)?\(([^)]+)~
LINE: 38
LINE: 40
LINE: 49
LINE: 51
LINE: 60
LINE: 62

FILE: system/library/template/php.php
REGEX: ~(require|include)(_once)?\(([^)]+)~
LINE: 18

FILE: system/library/template/tiwg.php
REGEX: ~(require|include)(_once)?\(([^)]+)~
LINE: 24
----------------------------------------------------------------
MOD: fondy_payment

FILE: catalog/controller/checkout/checkout.php
CODE: public function index() {
LINE: 11

FILE: catalog/view/theme/default/template/checkout/checkout.tpl
CODE: <h1><?php echo $heading_title; ?></h1>
LINE: 26
----------------------------------------------------------------
MOD: OcStore 2.3.x track number

FILE: admin/controller/sale/order.php
CODE: $data['shipping_method'] = $order_info['shipping_method'];
LINE: 567
LINE: 942
CODE: public function history() {
LINE: 1545

FILE: admin/model/sale/order.php
CODE: $order_query->row['order_id'],
LINE: 96

FILE: catalog/model/checkout/order.php
CODE: $order_query->row['order_id'],
LINE: 170

FILE: admin/view/template/sale/order_info.tpl
CODE: <td><?php echo $text_reward; ?></td>
LINE: 100
CODE: <?php echo $footer; ?>
LINE: 700

FILE: catalog/model/account/order.php
CODE: $order_query->row['order_id'],
LINE: 46

FILE: catalog/controller/account/order.php
CODE: if ($order_info['invoice_no']) {
LINE: 210

FILE: catalog/view/theme/default/template/account/order_info.tpl
CODE: <b><?php echo $text_shipping_method; ?></b> <?php echo $shipping_method; ?>
LINE: 49
----------------------------------------------------------------
MOD: SVG Tool Image

FILE: admin/controller/common/filemanager.php
CODE: jpg,jpeg,png,gif,JPG,JPEG,PNG,GIF
LINE: 72
CODE: 'gif',
LINE: 305
CODE: 'image/x-png',
LINE: 318

FILE: admin/model/tool/image.php
CODE: $new_image
LINE: 47
CODE: $extension = pathinfo($filename, PATHINFO_EXTENSION);
LINE: 16
CODE: $extension = $info['extension'];
NOT FOUND - OPERATION SKIPPED!
CODE: if (isset($this->request->server['HTTPS']) && (($this->request->server['HTTPS'] == 'on') || ($this->request->server['HTTPS'] == '1'))) {
LINE: 53
CODE: if ($this->request->server['HTTPS']) {
NOT FOUND - OPERATION SKIPPED!

FILE: catalog/model/tool/image.php
CODE: $new_image
LINE: 47
LINE: 50
LINE: 52
CODE: $extension = pathinfo($filename, PATHINFO_EXTENSION);
LINE: 16
CODE: $extension = $info['extension'];
NOT FOUND - OPERATION SKIPPED!
CODE: if (isset($this->request->server['HTTPS']) && (($this->request->server['HTTPS'] == 'on') || ($this->request->server['HTTPS'] == '1'))) {
LINE: 53
CODE: if ($this->request->server['HTTPS']) {
NOT FOUND - OPERATION SKIPPED!
----------------------------------------------------------------
MOD: List Out All Products OpenCart 2.3 OCmod

FILE: catalog/controller/common/header.php
CODE: $data['categories'] = array();
LINE: 95
----------------------------------------------------------------
2017-09-13 16:37:57 - MOD: Modification Default

FILE: system/engine/action.php
REGEX: ~(require|include)(_once)?\(([^)]+)~
LINE: 41

FILE: system/engine/loader.php
REGEX: ~(require|include)(_once)?\(([^)]+)~
LINE: 49
LINE: 108
LINE: 120
LINE: 165

FILE: system/library/config.php
REGEX: ~(require|include)(_once)?\(([^)]+)~
LINE: 23

FILE: system/library/language.php
REGEX: ~(require|include)(_once)?\(([^)]+)~
LINE: 38
LINE: 40
LINE: 49
LINE: 51
LINE: 60
LINE: 62

FILE: system/library/template/php.php
REGEX: ~(require|include)(_once)?\(([^)]+)~
LINE: 18

FILE: system/library/template/tiwg.php
REGEX: ~(require|include)(_once)?\(([^)]+)~
LINE: 24
----------------------------------------------------------------
MOD: fondy_payment

FILE: catalog/controller/checkout/checkout.php
CODE: public function index() {
LINE: 11

FILE: catalog/view/theme/default/template/checkout/checkout.tpl
CODE: <h1><?php echo $heading_title; ?></h1>
LINE: 26
----------------------------------------------------------------
MOD: OcStore 2.3.x track number

FILE: admin/controller/sale/order.php
CODE: $data['shipping_method'] = $order_info['shipping_method'];
LINE: 567
LINE: 942
CODE: public function history() {
LINE: 1545

FILE: admin/model/sale/order.php
CODE: $order_query->row['order_id'],
LINE: 96

FILE: catalog/model/checkout/order.php
CODE: $order_query->row['order_id'],
LINE: 170

FILE: admin/view/template/sale/order_info.tpl
CODE: <td><?php echo $text_reward; ?></td>
LINE: 100
CODE: <?php echo $footer; ?>
LINE: 700

FILE: catalog/model/account/order.php
CODE: $order_query->row['order_id'],
LINE: 46

FILE: catalog/controller/account/order.php
CODE: if ($order_info['invoice_no']) {
LINE: 210

FILE: catalog/view/theme/default/template/account/order_info.tpl
CODE: <b><?php echo $text_shipping_method; ?></b> <?php echo $shipping_method; ?>
LINE: 49
----------------------------------------------------------------
MOD: SVG Tool Image

FILE: admin/controller/common/filemanager.php
CODE: jpg,jpeg,png,gif,JPG,JPEG,PNG,GIF
LINE: 72
CODE: 'gif',
LINE: 305
CODE: 'image/x-png',
LINE: 318

FILE: admin/model/tool/image.php
CODE: $new_image
LINE: 47
CODE: $extension = pathinfo($filename, PATHINFO_EXTENSION);
LINE: 16
CODE: $extension = $info['extension'];
NOT FOUND - OPERATION SKIPPED!
CODE: if (isset($this->request->server['HTTPS']) && (($this->request->server['HTTPS'] == 'on') || ($this->request->server['HTTPS'] == '1'))) {
LINE: 53
CODE: if ($this->request->server['HTTPS']) {
NOT FOUND - OPERATION SKIPPED!

FILE: catalog/model/tool/image.php
CODE: $new_image
LINE: 47
LINE: 50
LINE: 52
CODE: $extension = pathinfo($filename, PATHINFO_EXTENSION);
LINE: 16
CODE: $extension = $info['extension'];
NOT FOUND - OPERATION SKIPPED!
CODE: if (isset($this->request->server['HTTPS']) && (($this->request->server['HTTPS'] == 'on') || ($this->request->server['HTTPS'] == '1'))) {
LINE: 53
CODE: if ($this->request->server['HTTPS']) {
NOT FOUND - OPERATION SKIPPED!
----------------------------------------------------------------
MOD: List Out All Products OpenCart 2.3 OCmod

FILE: catalog/controller/common/header.php
CODE: $data['categories'] = array();
LINE: 98
----------------------------------------------------------------
MOD: NewsBlog - create unlimited categories with articles

FILE: admin/controller/common/column_left.php
CODE: // Catalog
LINE: 72

FILE: admin/language/ru-ru/common/column_left.php
CODE: $_['text_catalog']
LINE: 9

FILE: admin/language/en-gb/common/column_left.php
CODE: $_['text_catalog']
LINE: 9

FILE: catalog/controller/common/column_left.php
CODE: if ($route == 'information/information' && isset($this->request->get['information_id'])) {
LINE: 42

FILE: catalog/controller/common/column_right.php
CODE: if ($route == 'information/information' && isset($this->request->get['information_id'])) {
LINE: 42

FILE: catalog/controller/common/content_bottom.php
CODE: if ($route == 'information/information' && isset($this->request->get['information_id'])) {
LINE: 42

FILE: catalog/controller/common/content_top.php
CODE: if ($route == 'information/information' && isset($this->request->get['information_id'])) {
LINE: 42

FILE: catalog/controller/startup/seo_url.php
CODE: if ($url[0] == 'information_id') {
LINE: 52
CODE: $url[0] != 'information_id'
LINE: 56
CODE: } elseif (isset($this->request->get['information_id'])) {
LINE: 79
CODE: ($data['route'] == 'information/information' && $key == 'information_id')
LINE: 97
CODE: } elseif ($key == 'path') {
LINE: 123

FILE: catalog/controller/startup/seo_pro.php
CODE: if ($url[0] == 'category_id') {
LINE: 74
CODE: if (isset($this->request->get['product_id'])) {
LINE: 99
CODE: case 'product/product':
LINE: 164
CODE: case 'product_id':
LINE: 229
CODE: private function getPathByProduct($product_id) {
LINE: 357

FILE: catalog/controller/information/sitemap.php
CODE: $this->load->model('catalog/information');
LINE: 118

FILE: catalog/view/theme/default/template/information/sitemap.tpl
CODE: <li><?php echo $text_information; ?>
LINE: 69
CODE: $data['language'] = $this->load->controller('common/language');
LINE: 174
----------------------------------------------------------------
MOD: Local copy OCMOD by iSenseLabs

FILE: admin/controller/extension/installer.php
CODE: 'url'  => str_replace('&amp;', '&', $this->url->link('extension/installer/ftp', 'token=' . $this->session->data['token'],
LINE: 131
CODE: public function unzip() {
LINE: 292
----------------------------------------------------------------
2017-09-13 16:39:29 - MOD: Modification Default

FILE: system/engine/action.php
REGEX: ~(require|include)(_once)?\(([^)]+)~
LINE: 41

FILE: system/engine/loader.php
REGEX: ~(require|include)(_once)?\(([^)]+)~
LINE: 49
LINE: 108
LINE: 120
LINE: 165

FILE: system/library/config.php
REGEX: ~(require|include)(_once)?\(([^)]+)~
LINE: 23

FILE: system/library/language.php
REGEX: ~(require|include)(_once)?\(([^)]+)~
LINE: 38
LINE: 40
LINE: 49
LINE: 51
LINE: 60
LINE: 62

FILE: system/library/template/php.php
REGEX: ~(require|include)(_once)?\(([^)]+)~
LINE: 18

FILE: system/library/template/tiwg.php
REGEX: ~(require|include)(_once)?\(([^)]+)~
LINE: 24
----------------------------------------------------------------
MOD: fondy_payment

FILE: catalog/controller/checkout/checkout.php
CODE: public function index() {
LINE: 11

FILE: catalog/view/theme/default/template/checkout/checkout.tpl
CODE: <h1><?php echo $heading_title; ?></h1>
LINE: 26
----------------------------------------------------------------
MOD: OcStore 2.3.x track number

FILE: admin/controller/sale/order.php
CODE: $data['shipping_method'] = $order_info['shipping_method'];
LINE: 567
LINE: 942
CODE: public function history() {
LINE: 1545

FILE: admin/model/sale/order.php
CODE: $order_query->row['order_id'],
LINE: 96

FILE: catalog/model/checkout/order.php
CODE: $order_query->row['order_id'],
LINE: 170

FILE: admin/view/template/sale/order_info.tpl
CODE: <td><?php echo $text_reward; ?></td>
LINE: 100
CODE: <?php echo $footer; ?>
LINE: 700

FILE: catalog/model/account/order.php
CODE: $order_query->row['order_id'],
LINE: 46

FILE: catalog/controller/account/order.php
CODE: if ($order_info['invoice_no']) {
LINE: 210

FILE: catalog/view/theme/default/template/account/order_info.tpl
CODE: <b><?php echo $text_shipping_method; ?></b> <?php echo $shipping_method; ?>
LINE: 49
----------------------------------------------------------------
MOD: SVG Tool Image

FILE: admin/controller/common/filemanager.php
CODE: jpg,jpeg,png,gif,JPG,JPEG,PNG,GIF
LINE: 72
CODE: 'gif',
LINE: 305
CODE: 'image/x-png',
LINE: 318

FILE: admin/model/tool/image.php
CODE: $new_image
LINE: 47
CODE: $extension = pathinfo($filename, PATHINFO_EXTENSION);
LINE: 16
CODE: $extension = $info['extension'];
NOT FOUND - OPERATION SKIPPED!
CODE: if (isset($this->request->server['HTTPS']) && (($this->request->server['HTTPS'] == 'on') || ($this->request->server['HTTPS'] == '1'))) {
LINE: 53
CODE: if ($this->request->server['HTTPS']) {
NOT FOUND - OPERATION SKIPPED!

FILE: catalog/model/tool/image.php
CODE: $new_image
LINE: 47
LINE: 50
LINE: 52
CODE: $extension = pathinfo($filename, PATHINFO_EXTENSION);
LINE: 16
CODE: $extension = $info['extension'];
NOT FOUND - OPERATION SKIPPED!
CODE: if (isset($this->request->server['HTTPS']) && (($this->request->server['HTTPS'] == 'on') || ($this->request->server['HTTPS'] == '1'))) {
LINE: 53
CODE: if ($this->request->server['HTTPS']) {
NOT FOUND - OPERATION SKIPPED!
----------------------------------------------------------------
MOD: List Out All Products OpenCart 2.3 OCmod

FILE: catalog/controller/common/header.php
CODE: $data['categories'] = array();
LINE: 98
----------------------------------------------------------------
MOD: Local copy OCMOD by iSenseLabs

FILE: admin/controller/extension/installer.php
CODE: 'url'  => str_replace('&amp;', '&', $this->url->link('extension/installer/ftp', 'token=' . $this->session->data['token'],
LINE: 131
CODE: public function unzip() {
LINE: 292
----------------------------------------------------------------
MOD: NewsBlog - create unlimited categories with articles

FILE: admin/controller/common/column_left.php
CODE: // Catalog
LINE: 72

FILE: admin/language/ru-ru/common/column_left.php
CODE: $_['text_catalog']
LINE: 9

FILE: admin/language/en-gb/common/column_left.php
CODE: $_['text_catalog']
LINE: 9

FILE: catalog/controller/common/column_left.php
CODE: if ($route == 'information/information' && isset($this->request->get['information_id'])) {
LINE: 42

FILE: catalog/controller/common/column_right.php
CODE: if ($route == 'information/information' && isset($this->request->get['information_id'])) {
LINE: 42

FILE: catalog/controller/common/content_bottom.php
CODE: if ($route == 'information/information' && isset($this->request->get['information_id'])) {
LINE: 42

FILE: catalog/controller/common/content_top.php
CODE: if ($route == 'information/information' && isset($this->request->get['information_id'])) {
LINE: 42

FILE: catalog/controller/startup/seo_url.php
CODE: if ($url[0] == 'information_id') {
LINE: 52
CODE: $url[0] != 'information_id'
LINE: 56
CODE: } elseif (isset($this->request->get['information_id'])) {
LINE: 79
CODE: ($data['route'] == 'information/information' && $key == 'information_id')
LINE: 97
CODE: } elseif ($key == 'path') {
LINE: 123

FILE: catalog/controller/startup/seo_pro.php
CODE: if ($url[0] == 'category_id') {
LINE: 74
CODE: if (isset($this->request->get['product_id'])) {
LINE: 99
CODE: case 'product/product':
LINE: 164
CODE: case 'product_id':
LINE: 229
CODE: private function getPathByProduct($product_id) {
LINE: 357

FILE: catalog/controller/information/sitemap.php
CODE: $this->load->model('catalog/information');
LINE: 118

FILE: catalog/view/theme/default/template/information/sitemap.tpl
CODE: <li><?php echo $text_information; ?>
LINE: 69
CODE: $data['language'] = $this->load->controller('common/language');
LINE: 174
----------------------------------------------------------------
2017-09-13 18:46:08 - MOD: Modification Default

FILE: system/engine/action.php
REGEX: ~(require|include)(_once)?\(([^)]+)~
LINE: 41

FILE: system/engine/loader.php
REGEX: ~(require|include)(_once)?\(([^)]+)~
LINE: 49
LINE: 108
LINE: 120
LINE: 165

FILE: system/library/config.php
REGEX: ~(require|include)(_once)?\(([^)]+)~
LINE: 23

FILE: system/library/language.php
REGEX: ~(require|include)(_once)?\(([^)]+)~
LINE: 38
LINE: 40
LINE: 49
LINE: 51
LINE: 60
LINE: 62

FILE: system/library/template/php.php
REGEX: ~(require|include)(_once)?\(([^)]+)~
LINE: 18

FILE: system/library/template/tiwg.php
REGEX: ~(require|include)(_once)?\(([^)]+)~
LINE: 24
----------------------------------------------------------------
MOD: fondy_payment

FILE: catalog/controller/checkout/checkout.php
CODE: public function index() {
LINE: 11

FILE: catalog/view/theme/default/template/checkout/checkout.tpl
CODE: <h1><?php echo $heading_title; ?></h1>
LINE: 26
----------------------------------------------------------------
MOD: OcStore 2.3.x track number

FILE: admin/controller/sale/order.php
CODE: $data['shipping_method'] = $order_info['shipping_method'];
LINE: 567
LINE: 942
CODE: public function history() {
LINE: 1545

FILE: admin/model/sale/order.php
CODE: $order_query->row['order_id'],
LINE: 96

FILE: catalog/model/checkout/order.php
CODE: $order_query->row['order_id'],
LINE: 170

FILE: admin/view/template/sale/order_info.tpl
CODE: <td><?php echo $text_reward; ?></td>
LINE: 100
CODE: <?php echo $footer; ?>
LINE: 700

FILE: catalog/model/account/order.php
CODE: $order_query->row['order_id'],
LINE: 46

FILE: catalog/controller/account/order.php
CODE: if ($order_info['invoice_no']) {
LINE: 210

FILE: catalog/view/theme/default/template/account/order_info.tpl
CODE: <b><?php echo $text_shipping_method; ?></b> <?php echo $shipping_method; ?>
LINE: 49
----------------------------------------------------------------
MOD: SVG Tool Image

FILE: admin/controller/common/filemanager.php
CODE: jpg,jpeg,png,gif,JPG,JPEG,PNG,GIF
LINE: 72
CODE: 'gif',
LINE: 305
CODE: 'image/x-png',
LINE: 318

FILE: admin/model/tool/image.php
CODE: $new_image
LINE: 47
CODE: $extension = pathinfo($filename, PATHINFO_EXTENSION);
LINE: 16
CODE: $extension = $info['extension'];
NOT FOUND - OPERATION SKIPPED!
CODE: if (isset($this->request->server['HTTPS']) && (($this->request->server['HTTPS'] == 'on') || ($this->request->server['HTTPS'] == '1'))) {
LINE: 53
CODE: if ($this->request->server['HTTPS']) {
NOT FOUND - OPERATION SKIPPED!

FILE: catalog/model/tool/image.php
CODE: $new_image
LINE: 47
LINE: 50
LINE: 52
CODE: $extension = pathinfo($filename, PATHINFO_EXTENSION);
LINE: 16
CODE: $extension = $info['extension'];
NOT FOUND - OPERATION SKIPPED!
CODE: if (isset($this->request->server['HTTPS']) && (($this->request->server['HTTPS'] == 'on') || ($this->request->server['HTTPS'] == '1'))) {
LINE: 53
CODE: if ($this->request->server['HTTPS']) {
NOT FOUND - OPERATION SKIPPED!
----------------------------------------------------------------
MOD: List Out All Products OpenCart 2.3 OCmod

FILE: catalog/controller/common/header.php
CODE: $data['categories'] = array();
LINE: 98
----------------------------------------------------------------
MOD: Local copy OCMOD by iSenseLabs

FILE: admin/controller/extension/installer.php
CODE: 'url'  => str_replace('&amp;', '&', $this->url->link('extension/installer/ftp', 'token=' . $this->session->data['token'],
LINE: 131
CODE: public function unzip() {
LINE: 292
----------------------------------------------------------------
MOD: NewsBlog - create unlimited categories with articles

FILE: admin/controller/common/column_left.php
CODE: // Catalog
LINE: 72

FILE: admin/language/ru-ru/common/column_left.php
CODE: $_['text_catalog']
LINE: 9

FILE: admin/language/en-gb/common/column_left.php
CODE: $_['text_catalog']
LINE: 9

FILE: catalog/controller/common/column_left.php
CODE: if ($route == 'information/information' && isset($this->request->get['information_id'])) {
LINE: 42

FILE: catalog/controller/common/column_right.php
CODE: if ($route == 'information/information' && isset($this->request->get['information_id'])) {
LINE: 42

FILE: catalog/controller/common/content_bottom.php
CODE: if ($route == 'information/information' && isset($this->request->get['information_id'])) {
LINE: 42

FILE: catalog/controller/common/content_top.php
CODE: if ($route == 'information/information' && isset($this->request->get['information_id'])) {
LINE: 42

FILE: catalog/controller/startup/seo_url.php
CODE: if ($url[0] == 'information_id') {
LINE: 52
CODE: $url[0] != 'information_id'
LINE: 56
CODE: } elseif (isset($this->request->get['information_id'])) {
LINE: 79
CODE: ($data['route'] == 'information/information' && $key == 'information_id')
LINE: 97
CODE: } elseif ($key == 'path') {
LINE: 123

FILE: catalog/controller/startup/seo_pro.php
CODE: if ($url[0] == 'category_id') {
LINE: 74
CODE: if (isset($this->request->get['product_id'])) {
LINE: 99
CODE: case 'product/product':
LINE: 164
CODE: case 'product_id':
LINE: 229
CODE: private function getPathByProduct($product_id) {
LINE: 357

FILE: catalog/controller/information/sitemap.php
CODE: $this->load->model('catalog/information');
LINE: 118

FILE: catalog/view/theme/default/template/information/sitemap.tpl
CODE: <li><?php echo $text_information; ?>
LINE: 69
CODE: $data['language'] = $this->load->controller('common/language');
LINE: 174
----------------------------------------------------------------
MOD: Автозаполнение SEO url

FILE: admin/view/template/common/footer.tpl
CODE: </body>
LINE: 44
----------------------------------------------------------------
2017-09-15 12:27:52 - MOD: Modification Default

FILE: system/engine/action.php
REGEX: ~(require|include)(_once)?\(([^)]+)~
LINE: 41

FILE: system/engine/loader.php
REGEX: ~(require|include)(_once)?\(([^)]+)~
LINE: 49
LINE: 108
LINE: 120
LINE: 165

FILE: system/library/config.php
REGEX: ~(require|include)(_once)?\(([^)]+)~
LINE: 23

FILE: system/library/language.php
REGEX: ~(require|include)(_once)?\(([^)]+)~
LINE: 38
LINE: 40
LINE: 49
LINE: 51
LINE: 60
LINE: 62

FILE: system/library/template/php.php
REGEX: ~(require|include)(_once)?\(([^)]+)~
LINE: 18

FILE: system/library/template/tiwg.php
REGEX: ~(require|include)(_once)?\(([^)]+)~
LINE: 24
----------------------------------------------------------------
MOD: fondy_payment

FILE: catalog/controller/checkout/checkout.php
CODE: public function index() {
LINE: 11

FILE: catalog/view/theme/default/template/checkout/checkout.tpl
CODE: <h1><?php echo $heading_title; ?></h1>
LINE: 26
----------------------------------------------------------------
MOD: OcStore 2.3.x track number

FILE: admin/controller/sale/order.php
CODE: $data['shipping_method'] = $order_info['shipping_method'];
LINE: 567
LINE: 942
CODE: public function history() {
LINE: 1545

FILE: admin/model/sale/order.php
CODE: $order_query->row['order_id'],
LINE: 96

FILE: catalog/model/checkout/order.php
CODE: $order_query->row['order_id'],
LINE: 170

FILE: admin/view/template/sale/order_info.tpl
CODE: <td><?php echo $text_reward; ?></td>
LINE: 100
CODE: <?php echo $footer; ?>
LINE: 700

FILE: catalog/model/account/order.php
CODE: $order_query->row['order_id'],
LINE: 46

FILE: catalog/controller/account/order.php
CODE: if ($order_info['invoice_no']) {
LINE: 210

FILE: catalog/view/theme/default/template/account/order_info.tpl
CODE: <b><?php echo $text_shipping_method; ?></b> <?php echo $shipping_method; ?>
LINE: 49
----------------------------------------------------------------
MOD: SVG Tool Image

FILE: admin/controller/common/filemanager.php
CODE: jpg,jpeg,png,gif,JPG,JPEG,PNG,GIF
LINE: 72
CODE: 'gif',
LINE: 305
CODE: 'image/x-png',
LINE: 318

FILE: admin/model/tool/image.php
CODE: $new_image
LINE: 47
CODE: $extension = pathinfo($filename, PATHINFO_EXTENSION);
LINE: 16
CODE: $extension = $info['extension'];
NOT FOUND - OPERATION SKIPPED!
CODE: if (isset($this->request->server['HTTPS']) && (($this->request->server['HTTPS'] == 'on') || ($this->request->server['HTTPS'] == '1'))) {
LINE: 53
CODE: if ($this->request->server['HTTPS']) {
NOT FOUND - OPERATION SKIPPED!

FILE: catalog/model/tool/image.php
CODE: $new_image
LINE: 47
LINE: 50
LINE: 52
CODE: $extension = pathinfo($filename, PATHINFO_EXTENSION);
LINE: 16
CODE: $extension = $info['extension'];
NOT FOUND - OPERATION SKIPPED!
CODE: if (isset($this->request->server['HTTPS']) && (($this->request->server['HTTPS'] == 'on') || ($this->request->server['HTTPS'] == '1'))) {
LINE: 53
CODE: if ($this->request->server['HTTPS']) {
NOT FOUND - OPERATION SKIPPED!
----------------------------------------------------------------
MOD: List Out All Products OpenCart 2.3 OCmod

FILE: catalog/controller/common/header.php
CODE: $data['categories'] = array();
LINE: 98
----------------------------------------------------------------
MOD: Local copy OCMOD by iSenseLabs

FILE: admin/controller/extension/installer.php
CODE: 'url'  => str_replace('&amp;', '&', $this->url->link('extension/installer/ftp', 'token=' . $this->session->data['token'],
LINE: 131
CODE: public function unzip() {
LINE: 292
----------------------------------------------------------------
MOD: NewsBlog - create unlimited categories with articles

FILE: admin/controller/common/column_left.php
CODE: // Catalog
LINE: 72

FILE: admin/language/ru-ru/common/column_left.php
CODE: $_['text_catalog']
LINE: 9

FILE: admin/language/en-gb/common/column_left.php
CODE: $_['text_catalog']
LINE: 9

FILE: catalog/controller/common/column_left.php
CODE: if ($route == 'information/information' && isset($this->request->get['information_id'])) {
LINE: 42

FILE: catalog/controller/common/column_right.php
CODE: if ($route == 'information/information' && isset($this->request->get['information_id'])) {
LINE: 42

FILE: catalog/controller/common/content_bottom.php
CODE: if ($route == 'information/information' && isset($this->request->get['information_id'])) {
LINE: 42

FILE: catalog/controller/common/content_top.php
CODE: if ($route == 'information/information' && isset($this->request->get['information_id'])) {
LINE: 42

FILE: catalog/controller/startup/seo_url.php
CODE: if ($url[0] == 'information_id') {
LINE: 52
CODE: $url[0] != 'information_id'
LINE: 56
CODE: } elseif (isset($this->request->get['information_id'])) {
LINE: 79
CODE: ($data['route'] == 'information/information' && $key == 'information_id')
LINE: 97
CODE: } elseif ($key == 'path') {
LINE: 123

FILE: catalog/controller/startup/seo_pro.php
CODE: if ($url[0] == 'category_id') {
LINE: 74
CODE: if (isset($this->request->get['product_id'])) {
LINE: 99
CODE: case 'product/product':
LINE: 164
CODE: case 'product_id':
LINE: 229
CODE: private function getPathByProduct($product_id) {
LINE: 357

FILE: catalog/controller/information/sitemap.php
CODE: $this->load->model('catalog/information');
LINE: 118

FILE: catalog/view/theme/default/template/information/sitemap.tpl
CODE: <li><?php echo $text_information; ?>
LINE: 69
CODE: $data['language'] = $this->load->controller('common/language');
LINE: 174
----------------------------------------------------------------
MOD: Автозаполнение SEO url

FILE: admin/view/template/common/footer.tpl
CODE: </body>
LINE: 44
----------------------------------------------------------------
2017-09-21 11:48:13 - MOD: Modification Default

FILE: system/engine/action.php
REGEX: ~(require|include)(_once)?\(([^)]+)~
LINE: 41

FILE: system/engine/loader.php
REGEX: ~(require|include)(_once)?\(([^)]+)~
LINE: 49
LINE: 108
LINE: 120
LINE: 165

FILE: system/library/config.php
REGEX: ~(require|include)(_once)?\(([^)]+)~
LINE: 23

FILE: system/library/language.php
REGEX: ~(require|include)(_once)?\(([^)]+)~
LINE: 38
LINE: 40
LINE: 49
LINE: 51
LINE: 60
LINE: 62

FILE: system/library/template/php.php
REGEX: ~(require|include)(_once)?\(([^)]+)~
LINE: 18

FILE: system/library/template/tiwg.php
REGEX: ~(require|include)(_once)?\(([^)]+)~
LINE: 24
----------------------------------------------------------------
MOD: fondy_payment

FILE: catalog/controller/checkout/checkout.php
CODE: public function index() {
LINE: 11

FILE: catalog/view/theme/default/template/checkout/checkout.tpl
CODE: <h1><?php echo $heading_title; ?></h1>
LINE: 26
----------------------------------------------------------------
MOD: OcStore 2.3.x track number

FILE: admin/controller/sale/order.php
CODE: $data['shipping_method'] = $order_info['shipping_method'];
LINE: 567
LINE: 942
CODE: public function history() {
LINE: 1545

FILE: admin/model/sale/order.php
CODE: $order_query->row['order_id'],
LINE: 96

FILE: catalog/model/checkout/order.php
CODE: $order_query->row['order_id'],
LINE: 170

FILE: admin/view/template/sale/order_info.tpl
CODE: <td><?php echo $text_reward; ?></td>
LINE: 100
CODE: <?php echo $footer; ?>
LINE: 700

FILE: catalog/model/account/order.php
CODE: $order_query->row['order_id'],
LINE: 46

FILE: catalog/controller/account/order.php
CODE: if ($order_info['invoice_no']) {
LINE: 210

FILE: catalog/view/theme/default/template/account/order_info.tpl
CODE: <b><?php echo $text_shipping_method; ?></b> <?php echo $shipping_method; ?>
LINE: 49

FILE: catalog/view/theme/organic/template/account/order_info.tpl
CODE: <b><?php echo $text_shipping_method; ?></b> <?php echo $shipping_method; ?>
LINE: 49
----------------------------------------------------------------
MOD: SVG Tool Image

FILE: admin/controller/common/filemanager.php
CODE: jpg,jpeg,png,gif,JPG,JPEG,PNG,GIF
LINE: 72
CODE: 'gif',
LINE: 305
CODE: 'image/x-png',
LINE: 318

FILE: admin/model/tool/image.php
CODE: $new_image
LINE: 47
CODE: $extension = pathinfo($filename, PATHINFO_EXTENSION);
LINE: 16
CODE: $extension = $info['extension'];
NOT FOUND - OPERATION SKIPPED!
CODE: if (isset($this->request->server['HTTPS']) && (($this->request->server['HTTPS'] == 'on') || ($this->request->server['HTTPS'] == '1'))) {
LINE: 53
CODE: if ($this->request->server['HTTPS']) {
NOT FOUND - OPERATION SKIPPED!

FILE: catalog/model/tool/image.php
CODE: $new_image
LINE: 47
LINE: 50
LINE: 52
CODE: $extension = pathinfo($filename, PATHINFO_EXTENSION);
LINE: 16
CODE: $extension = $info['extension'];
NOT FOUND - OPERATION SKIPPED!
CODE: if (isset($this->request->server['HTTPS']) && (($this->request->server['HTTPS'] == 'on') || ($this->request->server['HTTPS'] == '1'))) {
LINE: 53
CODE: if ($this->request->server['HTTPS']) {
NOT FOUND - OPERATION SKIPPED!
----------------------------------------------------------------
MOD: List Out All Products OpenCart 2.3 OCmod

FILE: catalog/controller/common/header.php
CODE: $data['categories'] = array();
LINE: 98
----------------------------------------------------------------
MOD: Local copy OCMOD by iSenseLabs

FILE: admin/controller/extension/installer.php
CODE: 'url'  => str_replace('&amp;', '&', $this->url->link('extension/installer/ftp', 'token=' . $this->session->data['token'],
LINE: 131
CODE: public function unzip() {
LINE: 292
----------------------------------------------------------------
MOD: NewsBlog - create unlimited categories with articles

FILE: admin/controller/common/column_left.php
CODE: // Catalog
LINE: 72

FILE: admin/language/ru-ru/common/column_left.php
CODE: $_['text_catalog']
LINE: 9

FILE: admin/language/en-gb/common/column_left.php
CODE: $_['text_catalog']
LINE: 9

FILE: catalog/controller/common/column_left.php
CODE: if ($route == 'information/information' && isset($this->request->get['information_id'])) {
LINE: 42

FILE: catalog/controller/common/column_right.php
CODE: if ($route == 'information/information' && isset($this->request->get['information_id'])) {
LINE: 42

FILE: catalog/controller/common/content_bottom.php
CODE: if ($route == 'information/information' && isset($this->request->get['information_id'])) {
LINE: 42

FILE: catalog/controller/common/content_top.php
CODE: if ($route == 'information/information' && isset($this->request->get['information_id'])) {
LINE: 42

FILE: catalog/controller/startup/seo_url.php
CODE: if ($url[0] == 'information_id') {
LINE: 52
CODE: $url[0] != 'information_id'
LINE: 56
CODE: } elseif (isset($this->request->get['information_id'])) {
LINE: 79
CODE: ($data['route'] == 'information/information' && $key == 'information_id')
LINE: 97
CODE: } elseif ($key == 'path') {
LINE: 123

FILE: catalog/controller/startup/seo_pro.php
CODE: if ($url[0] == 'category_id') {
LINE: 74
CODE: if (isset($this->request->get['product_id'])) {
LINE: 99
CODE: case 'product/product':
LINE: 164
CODE: case 'product_id':
LINE: 229
CODE: private function getPathByProduct($product_id) {
LINE: 357

FILE: catalog/controller/information/sitemap.php
CODE: $this->load->model('catalog/information');
LINE: 118

FILE: catalog/view/theme/default/template/information/sitemap.tpl
CODE: <li><?php echo $text_information; ?>
LINE: 69
CODE: $data['language'] = $this->load->controller('common/language');
LINE: 174
----------------------------------------------------------------
MOD: Автозаполнение SEO url

FILE: admin/view/template/common/footer.tpl
CODE: </body>
LINE: 44
----------------------------------------------------------------
MOD: Guest Newsletter Subscription

FILE: admin/controller/marketing/contact.php
CODE: $this->load->model('sale/order');
LINE: 122
CODE: case 'newsletter':
LINE: 140
CODE: case 'customer_all':
LINE: 160
----------------------------------------------------------------
2017-09-21 12:15:13 - MOD: Modification Default

FILE: system/engine/action.php
REGEX: ~(require|include)(_once)?\(([^)]+)~
LINE: 41

FILE: system/engine/loader.php
REGEX: ~(require|include)(_once)?\(([^)]+)~
LINE: 49
LINE: 108
LINE: 120
LINE: 165

FILE: system/library/config.php
REGEX: ~(require|include)(_once)?\(([^)]+)~
LINE: 23

FILE: system/library/language.php
REGEX: ~(require|include)(_once)?\(([^)]+)~
LINE: 38
LINE: 40
LINE: 49
LINE: 51
LINE: 60
LINE: 62

FILE: system/library/template/php.php
REGEX: ~(require|include)(_once)?\(([^)]+)~
LINE: 18

FILE: system/library/template/tiwg.php
REGEX: ~(require|include)(_once)?\(([^)]+)~
LINE: 24
----------------------------------------------------------------
MOD: fondy_payment

FILE: catalog/controller/checkout/checkout.php
CODE: public function index() {
LINE: 11

FILE: catalog/view/theme/default/template/checkout/checkout.tpl
CODE: <h1><?php echo $heading_title; ?></h1>
LINE: 26
----------------------------------------------------------------
MOD: OcStore 2.3.x track number

FILE: admin/controller/sale/order.php
CODE: $data['shipping_method'] = $order_info['shipping_method'];
LINE: 567
LINE: 942
CODE: public function history() {
LINE: 1545

FILE: admin/model/sale/order.php
CODE: $order_query->row['order_id'],
LINE: 96

FILE: catalog/model/checkout/order.php
CODE: $order_query->row['order_id'],
LINE: 170

FILE: admin/view/template/sale/order_info.tpl
CODE: <td><?php echo $text_reward; ?></td>
LINE: 100
CODE: <?php echo $footer; ?>
LINE: 700

FILE: catalog/model/account/order.php
CODE: $order_query->row['order_id'],
LINE: 46

FILE: catalog/controller/account/order.php
CODE: if ($order_info['invoice_no']) {
LINE: 210

FILE: catalog/view/theme/default/template/account/order_info.tpl
CODE: <b><?php echo $text_shipping_method; ?></b> <?php echo $shipping_method; ?>
LINE: 49

FILE: catalog/view/theme/organic/template/account/order_info.tpl
CODE: <b><?php echo $text_shipping_method; ?></b> <?php echo $shipping_method; ?>
LINE: 49
----------------------------------------------------------------
MOD: SVG Tool Image

FILE: admin/controller/common/filemanager.php
CODE: jpg,jpeg,png,gif,JPG,JPEG,PNG,GIF
LINE: 72
CODE: 'gif',
LINE: 305
CODE: 'image/x-png',
LINE: 318

FILE: admin/model/tool/image.php
CODE: $new_image
LINE: 47
CODE: $extension = pathinfo($filename, PATHINFO_EXTENSION);
LINE: 16
CODE: $extension = $info['extension'];
NOT FOUND - OPERATION SKIPPED!
CODE: if (isset($this->request->server['HTTPS']) && (($this->request->server['HTTPS'] == 'on') || ($this->request->server['HTTPS'] == '1'))) {
LINE: 53
CODE: if ($this->request->server['HTTPS']) {
NOT FOUND - OPERATION SKIPPED!

FILE: catalog/model/tool/image.php
CODE: $new_image
LINE: 47
LINE: 50
LINE: 52
CODE: $extension = pathinfo($filename, PATHINFO_EXTENSION);
LINE: 16
CODE: $extension = $info['extension'];
NOT FOUND - OPERATION SKIPPED!
CODE: if (isset($this->request->server['HTTPS']) && (($this->request->server['HTTPS'] == 'on') || ($this->request->server['HTTPS'] == '1'))) {
LINE: 53
CODE: if ($this->request->server['HTTPS']) {
NOT FOUND - OPERATION SKIPPED!
----------------------------------------------------------------
MOD: List Out All Products OpenCart 2.3 OCmod

FILE: catalog/controller/common/header.php
CODE: $data['categories'] = array();
LINE: 98
----------------------------------------------------------------
MOD: Local copy OCMOD by iSenseLabs

FILE: admin/controller/extension/installer.php
CODE: 'url'  => str_replace('&amp;', '&', $this->url->link('extension/installer/ftp', 'token=' . $this->session->data['token'],
LINE: 131
CODE: public function unzip() {
LINE: 292
----------------------------------------------------------------
MOD: NewsBlog - create unlimited categories with articles

FILE: admin/controller/common/column_left.php
CODE: // Catalog
LINE: 72

FILE: admin/language/ru-ru/common/column_left.php
CODE: $_['text_catalog']
LINE: 9

FILE: admin/language/en-gb/common/column_left.php
CODE: $_['text_catalog']
LINE: 9

FILE: catalog/controller/common/column_left.php
CODE: if ($route == 'information/information' && isset($this->request->get['information_id'])) {
LINE: 42

FILE: catalog/controller/common/column_right.php
CODE: if ($route == 'information/information' && isset($this->request->get['information_id'])) {
LINE: 42

FILE: catalog/controller/common/content_bottom.php
CODE: if ($route == 'information/information' && isset($this->request->get['information_id'])) {
LINE: 42

FILE: catalog/controller/common/content_top.php
CODE: if ($route == 'information/information' && isset($this->request->get['information_id'])) {
LINE: 42

FILE: catalog/controller/startup/seo_url.php
CODE: if ($url[0] == 'information_id') {
LINE: 52
CODE: $url[0] != 'information_id'
LINE: 56
CODE: } elseif (isset($this->request->get['information_id'])) {
LINE: 79
CODE: ($data['route'] == 'information/information' && $key == 'information_id')
LINE: 97
CODE: } elseif ($key == 'path') {
LINE: 123

FILE: catalog/controller/startup/seo_pro.php
CODE: if ($url[0] == 'category_id') {
LINE: 74
CODE: if (isset($this->request->get['product_id'])) {
LINE: 99
CODE: case 'product/product':
LINE: 164
CODE: case 'product_id':
LINE: 229
CODE: private function getPathByProduct($product_id) {
LINE: 357

FILE: catalog/controller/information/sitemap.php
CODE: $this->load->model('catalog/information');
LINE: 118

FILE: catalog/view/theme/default/template/information/sitemap.tpl
CODE: <li><?php echo $text_information; ?>
LINE: 69
CODE: $data['language'] = $this->load->controller('common/language');
LINE: 174
----------------------------------------------------------------
MOD: Автозаполнение SEO url

FILE: admin/view/template/common/footer.tpl
CODE: </body>
LINE: 44
----------------------------------------------------------------
MOD: Guest Newsletter Subscription

FILE: admin/controller/marketing/contact.php
CODE: $this->load->model('sale/order');
LINE: 122
CODE: case 'newsletter':
LINE: 140
CODE: case 'customer_all':
LINE: 160
----------------------------------------------------------------
2017-09-21 12:24:09 - MOD: Modification Default

FILE: system/engine/action.php
REGEX: ~(require|include)(_once)?\(([^)]+)~
LINE: 41

FILE: system/engine/loader.php
REGEX: ~(require|include)(_once)?\(([^)]+)~
LINE: 49
LINE: 108
LINE: 120
LINE: 165

FILE: system/library/config.php
REGEX: ~(require|include)(_once)?\(([^)]+)~
LINE: 23

FILE: system/library/language.php
REGEX: ~(require|include)(_once)?\(([^)]+)~
LINE: 38
LINE: 40
LINE: 49
LINE: 51
LINE: 60
LINE: 62

FILE: system/library/template/php.php
REGEX: ~(require|include)(_once)?\(([^)]+)~
LINE: 18

FILE: system/library/template/tiwg.php
REGEX: ~(require|include)(_once)?\(([^)]+)~
LINE: 24
----------------------------------------------------------------
MOD: fondy_payment

FILE: catalog/controller/checkout/checkout.php
CODE: public function index() {
LINE: 11

FILE: catalog/view/theme/default/template/checkout/checkout.tpl
CODE: <h1><?php echo $heading_title; ?></h1>
LINE: 26
----------------------------------------------------------------
MOD: OcStore 2.3.x track number

FILE: admin/controller/sale/order.php
CODE: $data['shipping_method'] = $order_info['shipping_method'];
LINE: 567
LINE: 942
CODE: public function history() {
LINE: 1545

FILE: admin/model/sale/order.php
CODE: $order_query->row['order_id'],
LINE: 96

FILE: catalog/model/checkout/order.php
CODE: $order_query->row['order_id'],
LINE: 170

FILE: admin/view/template/sale/order_info.tpl
CODE: <td><?php echo $text_reward; ?></td>
LINE: 100
CODE: <?php echo $footer; ?>
LINE: 700

FILE: catalog/model/account/order.php
CODE: $order_query->row['order_id'],
LINE: 46

FILE: catalog/controller/account/order.php
CODE: if ($order_info['invoice_no']) {
LINE: 210

FILE: catalog/view/theme/default/template/account/order_info.tpl
CODE: <b><?php echo $text_shipping_method; ?></b> <?php echo $shipping_method; ?>
LINE: 49

FILE: catalog/view/theme/organic/template/account/order_info.tpl
CODE: <b><?php echo $text_shipping_method; ?></b> <?php echo $shipping_method; ?>
LINE: 49
----------------------------------------------------------------
MOD: SVG Tool Image

FILE: admin/controller/common/filemanager.php
CODE: jpg,jpeg,png,gif,JPG,JPEG,PNG,GIF
LINE: 72
CODE: 'gif',
LINE: 305
CODE: 'image/x-png',
LINE: 318

FILE: admin/model/tool/image.php
CODE: $new_image
LINE: 47
CODE: $extension = pathinfo($filename, PATHINFO_EXTENSION);
LINE: 16
CODE: $extension = $info['extension'];
NOT FOUND - OPERATION SKIPPED!
CODE: if (isset($this->request->server['HTTPS']) && (($this->request->server['HTTPS'] == 'on') || ($this->request->server['HTTPS'] == '1'))) {
LINE: 53
CODE: if ($this->request->server['HTTPS']) {
NOT FOUND - OPERATION SKIPPED!

FILE: catalog/model/tool/image.php
CODE: $new_image
LINE: 47
LINE: 50
LINE: 52
CODE: $extension = pathinfo($filename, PATHINFO_EXTENSION);
LINE: 16
CODE: $extension = $info['extension'];
NOT FOUND - OPERATION SKIPPED!
CODE: if (isset($this->request->server['HTTPS']) && (($this->request->server['HTTPS'] == 'on') || ($this->request->server['HTTPS'] == '1'))) {
LINE: 53
CODE: if ($this->request->server['HTTPS']) {
NOT FOUND - OPERATION SKIPPED!
----------------------------------------------------------------
MOD: List Out All Products OpenCart 2.3 OCmod

FILE: catalog/controller/common/header.php
CODE: $data['categories'] = array();
LINE: 98
----------------------------------------------------------------
MOD: Local copy OCMOD by iSenseLabs

FILE: admin/controller/extension/installer.php
CODE: 'url'  => str_replace('&amp;', '&', $this->url->link('extension/installer/ftp', 'token=' . $this->session->data['token'],
LINE: 131
CODE: public function unzip() {
LINE: 292
----------------------------------------------------------------
MOD: NewsBlog - create unlimited categories with articles

FILE: admin/controller/common/column_left.php
CODE: // Catalog
LINE: 72

FILE: admin/language/ru-ru/common/column_left.php
CODE: $_['text_catalog']
LINE: 9

FILE: admin/language/en-gb/common/column_left.php
CODE: $_['text_catalog']
LINE: 9

FILE: catalog/controller/common/column_left.php
CODE: if ($route == 'information/information' && isset($this->request->get['information_id'])) {
LINE: 42

FILE: catalog/controller/common/column_right.php
CODE: if ($route == 'information/information' && isset($this->request->get['information_id'])) {
LINE: 42

FILE: catalog/controller/common/content_bottom.php
CODE: if ($route == 'information/information' && isset($this->request->get['information_id'])) {
LINE: 42

FILE: catalog/controller/common/content_top.php
CODE: if ($route == 'information/information' && isset($this->request->get['information_id'])) {
LINE: 42

FILE: catalog/controller/startup/seo_url.php
CODE: if ($url[0] == 'information_id') {
LINE: 52
CODE: $url[0] != 'information_id'
LINE: 56
CODE: } elseif (isset($this->request->get['information_id'])) {
LINE: 79
CODE: ($data['route'] == 'information/information' && $key == 'information_id')
LINE: 97
CODE: } elseif ($key == 'path') {
LINE: 123

FILE: catalog/controller/startup/seo_pro.php
CODE: if ($url[0] == 'category_id') {
LINE: 74
CODE: if (isset($this->request->get['product_id'])) {
LINE: 99
CODE: case 'product/product':
LINE: 164
CODE: case 'product_id':
LINE: 229
CODE: private function getPathByProduct($product_id) {
LINE: 357

FILE: catalog/controller/information/sitemap.php
CODE: $this->load->model('catalog/information');
LINE: 118

FILE: catalog/view/theme/default/template/information/sitemap.tpl
CODE: <li><?php echo $text_information; ?>
LINE: 69
CODE: $data['language'] = $this->load->controller('common/language');
LINE: 174
----------------------------------------------------------------
MOD: Автозаполнение SEO url

FILE: admin/view/template/common/footer.tpl
CODE: </body>
LINE: 44
----------------------------------------------------------------
MOD: Guest Newsletter Subscription

FILE: admin/controller/marketing/contact.php
CODE: $this->load->model('sale/order');
LINE: 122
CODE: case 'newsletter':
LINE: 140
CODE: case 'customer_all':
LINE: 160
----------------------------------------------------------------
2017-09-21 13:02:26 - MOD: Modification Default

FILE: system/engine/action.php
REGEX: ~(require|include)(_once)?\(([^)]+)~
LINE: 41

FILE: system/engine/loader.php
REGEX: ~(require|include)(_once)?\(([^)]+)~
LINE: 49
LINE: 108
LINE: 120
LINE: 165

FILE: system/library/config.php
REGEX: ~(require|include)(_once)?\(([^)]+)~
LINE: 23

FILE: system/library/language.php
REGEX: ~(require|include)(_once)?\(([^)]+)~
LINE: 38
LINE: 40
LINE: 49
LINE: 51
LINE: 60
LINE: 62

FILE: system/library/template/php.php
REGEX: ~(require|include)(_once)?\(([^)]+)~
LINE: 18

FILE: system/library/template/tiwg.php
REGEX: ~(require|include)(_once)?\(([^)]+)~
LINE: 24
----------------------------------------------------------------
MOD: fondy_payment

FILE: catalog/controller/checkout/checkout.php
CODE: public function index() {
LINE: 11

FILE: catalog/view/theme/default/template/checkout/checkout.tpl
CODE: <h1><?php echo $heading_title; ?></h1>
LINE: 26
----------------------------------------------------------------
MOD: OcStore 2.3.x track number

FILE: admin/controller/sale/order.php
CODE: $data['shipping_method'] = $order_info['shipping_method'];
LINE: 567
LINE: 942
CODE: public function history() {
LINE: 1545

FILE: admin/model/sale/order.php
CODE: $order_query->row['order_id'],
LINE: 96

FILE: catalog/model/checkout/order.php
CODE: $order_query->row['order_id'],
LINE: 170

FILE: admin/view/template/sale/order_info.tpl
CODE: <td><?php echo $text_reward; ?></td>
LINE: 100
CODE: <?php echo $footer; ?>
LINE: 700

FILE: catalog/model/account/order.php
CODE: $order_query->row['order_id'],
LINE: 46

FILE: catalog/controller/account/order.php
CODE: if ($order_info['invoice_no']) {
LINE: 210

FILE: catalog/view/theme/default/template/account/order_info.tpl
CODE: <b><?php echo $text_shipping_method; ?></b> <?php echo $shipping_method; ?>
LINE: 49

FILE: catalog/view/theme/organic/template/account/order_info.tpl
CODE: <b><?php echo $text_shipping_method; ?></b> <?php echo $shipping_method; ?>
LINE: 49
----------------------------------------------------------------
MOD: SVG Tool Image

FILE: admin/controller/common/filemanager.php
CODE: jpg,jpeg,png,gif,JPG,JPEG,PNG,GIF
LINE: 72
CODE: 'gif',
LINE: 305
CODE: 'image/x-png',
LINE: 318

FILE: admin/model/tool/image.php
CODE: $new_image
LINE: 47
CODE: $extension = pathinfo($filename, PATHINFO_EXTENSION);
LINE: 16
CODE: $extension = $info['extension'];
NOT FOUND - OPERATION SKIPPED!
CODE: if (isset($this->request->server['HTTPS']) && (($this->request->server['HTTPS'] == 'on') || ($this->request->server['HTTPS'] == '1'))) {
LINE: 53
CODE: if ($this->request->server['HTTPS']) {
NOT FOUND - OPERATION SKIPPED!

FILE: catalog/model/tool/image.php
CODE: $new_image
LINE: 47
LINE: 50
LINE: 52
CODE: $extension = pathinfo($filename, PATHINFO_EXTENSION);
LINE: 16
CODE: $extension = $info['extension'];
NOT FOUND - OPERATION SKIPPED!
CODE: if (isset($this->request->server['HTTPS']) && (($this->request->server['HTTPS'] == 'on') || ($this->request->server['HTTPS'] == '1'))) {
LINE: 53
CODE: if ($this->request->server['HTTPS']) {
NOT FOUND - OPERATION SKIPPED!
----------------------------------------------------------------
MOD: List Out All Products OpenCart 2.3 OCmod

FILE: catalog/controller/common/header.php
CODE: $data['categories'] = array();
LINE: 98
----------------------------------------------------------------
MOD: Local copy OCMOD by iSenseLabs

FILE: admin/controller/extension/installer.php
CODE: 'url'  => str_replace('&amp;', '&', $this->url->link('extension/installer/ftp', 'token=' . $this->session->data['token'],
LINE: 131
CODE: public function unzip() {
LINE: 292
----------------------------------------------------------------
MOD: NewsBlog - create unlimited categories with articles

FILE: admin/controller/common/column_left.php
CODE: // Catalog
LINE: 72

FILE: admin/language/ru-ru/common/column_left.php
CODE: $_['text_catalog']
LINE: 9

FILE: admin/language/en-gb/common/column_left.php
CODE: $_['text_catalog']
LINE: 9

FILE: catalog/controller/common/column_left.php
CODE: if ($route == 'information/information' && isset($this->request->get['information_id'])) {
LINE: 42

FILE: catalog/controller/common/column_right.php
CODE: if ($route == 'information/information' && isset($this->request->get['information_id'])) {
LINE: 42

FILE: catalog/controller/common/content_bottom.php
CODE: if ($route == 'information/information' && isset($this->request->get['information_id'])) {
LINE: 42

FILE: catalog/controller/common/content_top.php
CODE: if ($route == 'information/information' && isset($this->request->get['information_id'])) {
LINE: 42

FILE: catalog/controller/startup/seo_url.php
CODE: if ($url[0] == 'information_id') {
LINE: 52
CODE: $url[0] != 'information_id'
LINE: 56
CODE: } elseif (isset($this->request->get['information_id'])) {
LINE: 79
CODE: ($data['route'] == 'information/information' && $key == 'information_id')
LINE: 97
CODE: } elseif ($key == 'path') {
LINE: 123

FILE: catalog/controller/startup/seo_pro.php
CODE: if ($url[0] == 'category_id') {
LINE: 74
CODE: if (isset($this->request->get['product_id'])) {
LINE: 99
CODE: case 'product/product':
LINE: 164
CODE: case 'product_id':
LINE: 229
CODE: private function getPathByProduct($product_id) {
LINE: 357

FILE: catalog/controller/information/sitemap.php
CODE: $this->load->model('catalog/information');
LINE: 118

FILE: catalog/view/theme/default/template/information/sitemap.tpl
CODE: <li><?php echo $text_information; ?>
LINE: 69
CODE: $data['language'] = $this->load->controller('common/language');
LINE: 174
----------------------------------------------------------------
MOD: Автозаполнение SEO url

FILE: admin/view/template/common/footer.tpl
CODE: </body>
LINE: 44
----------------------------------------------------------------
2017-09-21 13:11:19 - MOD: Modification Default

FILE: system/engine/action.php
REGEX: ~(require|include)(_once)?\(([^)]+)~
LINE: 41

FILE: system/engine/loader.php
REGEX: ~(require|include)(_once)?\(([^)]+)~
LINE: 49
LINE: 108
LINE: 120
LINE: 165

FILE: system/library/config.php
REGEX: ~(require|include)(_once)?\(([^)]+)~
LINE: 23

FILE: system/library/language.php
REGEX: ~(require|include)(_once)?\(([^)]+)~
LINE: 38
LINE: 40
LINE: 49
LINE: 51
LINE: 60
LINE: 62

FILE: system/library/template/php.php
REGEX: ~(require|include)(_once)?\(([^)]+)~
LINE: 18

FILE: system/library/template/tiwg.php
REGEX: ~(require|include)(_once)?\(([^)]+)~
LINE: 24
----------------------------------------------------------------
MOD: fondy_payment

FILE: catalog/controller/checkout/checkout.php
CODE: public function index() {
LINE: 11

FILE: catalog/view/theme/default/template/checkout/checkout.tpl
CODE: <h1><?php echo $heading_title; ?></h1>
LINE: 26
----------------------------------------------------------------
MOD: OcStore 2.3.x track number

FILE: admin/controller/sale/order.php
CODE: $data['shipping_method'] = $order_info['shipping_method'];
LINE: 567
LINE: 942
CODE: public function history() {
LINE: 1545

FILE: admin/model/sale/order.php
CODE: $order_query->row['order_id'],
LINE: 96

FILE: catalog/model/checkout/order.php
CODE: $order_query->row['order_id'],
LINE: 170

FILE: admin/view/template/sale/order_info.tpl
CODE: <td><?php echo $text_reward; ?></td>
LINE: 100
CODE: <?php echo $footer; ?>
LINE: 700

FILE: catalog/model/account/order.php
CODE: $order_query->row['order_id'],
LINE: 46

FILE: catalog/controller/account/order.php
CODE: if ($order_info['invoice_no']) {
LINE: 210

FILE: catalog/view/theme/default/template/account/order_info.tpl
CODE: <b><?php echo $text_shipping_method; ?></b> <?php echo $shipping_method; ?>
LINE: 49

FILE: catalog/view/theme/organic/template/account/order_info.tpl
CODE: <b><?php echo $text_shipping_method; ?></b> <?php echo $shipping_method; ?>
LINE: 49
----------------------------------------------------------------
MOD: SVG Tool Image

FILE: admin/controller/common/filemanager.php
CODE: jpg,jpeg,png,gif,JPG,JPEG,PNG,GIF
LINE: 72
CODE: 'gif',
LINE: 305
CODE: 'image/x-png',
LINE: 318

FILE: admin/model/tool/image.php
CODE: $new_image
LINE: 47
CODE: $extension = pathinfo($filename, PATHINFO_EXTENSION);
LINE: 16
CODE: $extension = $info['extension'];
NOT FOUND - OPERATION SKIPPED!
CODE: if (isset($this->request->server['HTTPS']) && (($this->request->server['HTTPS'] == 'on') || ($this->request->server['HTTPS'] == '1'))) {
LINE: 53
CODE: if ($this->request->server['HTTPS']) {
NOT FOUND - OPERATION SKIPPED!

FILE: catalog/model/tool/image.php
CODE: $new_image
LINE: 47
LINE: 50
LINE: 52
CODE: $extension = pathinfo($filename, PATHINFO_EXTENSION);
LINE: 16
CODE: $extension = $info['extension'];
NOT FOUND - OPERATION SKIPPED!
CODE: if (isset($this->request->server['HTTPS']) && (($this->request->server['HTTPS'] == 'on') || ($this->request->server['HTTPS'] == '1'))) {
LINE: 53
CODE: if ($this->request->server['HTTPS']) {
NOT FOUND - OPERATION SKIPPED!
----------------------------------------------------------------
MOD: List Out All Products OpenCart 2.3 OCmod

FILE: catalog/controller/common/header.php
CODE: $data['categories'] = array();
LINE: 98
----------------------------------------------------------------
MOD: Local copy OCMOD by iSenseLabs

FILE: admin/controller/extension/installer.php
CODE: 'url'  => str_replace('&amp;', '&', $this->url->link('extension/installer/ftp', 'token=' . $this->session->data['token'],
LINE: 131
CODE: public function unzip() {
LINE: 292
----------------------------------------------------------------
MOD: NewsBlog - create unlimited categories with articles

FILE: admin/controller/common/column_left.php
CODE: // Catalog
LINE: 72

FILE: admin/language/ru-ru/common/column_left.php
CODE: $_['text_catalog']
LINE: 9

FILE: admin/language/en-gb/common/column_left.php
CODE: $_['text_catalog']
LINE: 9

FILE: catalog/controller/common/column_left.php
CODE: if ($route == 'information/information' && isset($this->request->get['information_id'])) {
LINE: 42

FILE: catalog/controller/common/column_right.php
CODE: if ($route == 'information/information' && isset($this->request->get['information_id'])) {
LINE: 42

FILE: catalog/controller/common/content_bottom.php
CODE: if ($route == 'information/information' && isset($this->request->get['information_id'])) {
LINE: 42

FILE: catalog/controller/common/content_top.php
CODE: if ($route == 'information/information' && isset($this->request->get['information_id'])) {
LINE: 42

FILE: catalog/controller/startup/seo_url.php
CODE: if ($url[0] == 'information_id') {
LINE: 52
CODE: $url[0] != 'information_id'
LINE: 56
CODE: } elseif (isset($this->request->get['information_id'])) {
LINE: 79
CODE: ($data['route'] == 'information/information' && $key == 'information_id')
LINE: 97
CODE: } elseif ($key == 'path') {
LINE: 123

FILE: catalog/controller/startup/seo_pro.php
CODE: if ($url[0] == 'category_id') {
LINE: 74
CODE: if (isset($this->request->get['product_id'])) {
LINE: 99
CODE: case 'product/product':
LINE: 164
CODE: case 'product_id':
LINE: 229
CODE: private function getPathByProduct($product_id) {
LINE: 357

FILE: catalog/controller/information/sitemap.php
CODE: $this->load->model('catalog/information');
LINE: 118

FILE: catalog/view/theme/default/template/information/sitemap.tpl
CODE: <li><?php echo $text_information; ?>
LINE: 69
CODE: $data['language'] = $this->load->controller('common/language');
LINE: 174
----------------------------------------------------------------
MOD: Автозаполнение SEO url

FILE: admin/view/template/common/footer.tpl
CODE: </body>
LINE: 44
----------------------------------------------------------------
MOD: Newsletters
CODE: if ($this->user->hasPermission('access', 'marketing/contact')) {
				$marketing[] = array(
					'name'	   => $this->language->get('text_contact'),
					'href'     => $this->url->link('marketing/contact', 'token=' . $this->session->data['token'], true),
					'children' => array()		
				);
			}
NOT FOUND - OPERATIONS ABORTED!
----------------------------------------------------------------
2017-12-14 18:25:07 - MOD: Modification Default

FILE: system/engine/action.php
REGEX: ~(require|include)(_once)?\(([^)]+)~
LINE: 41

FILE: system/engine/loader.php
REGEX: ~(require|include)(_once)?\(([^)]+)~
LINE: 49
LINE: 108
LINE: 120
LINE: 165

FILE: system/library/config.php
REGEX: ~(require|include)(_once)?\(([^)]+)~
LINE: 23

FILE: system/library/language.php
REGEX: ~(require|include)(_once)?\(([^)]+)~
LINE: 38
LINE: 40
LINE: 49
LINE: 51
LINE: 60
LINE: 62

FILE: system/library/template/php.php
REGEX: ~(require|include)(_once)?\(([^)]+)~
LINE: 18

FILE: system/library/template/tiwg.php
REGEX: ~(require|include)(_once)?\(([^)]+)~
LINE: 24
----------------------------------------------------------------
MOD: fondy_payment

FILE: catalog/controller/checkout/checkout.php
CODE: public function index() {
LINE: 11

FILE: catalog/view/theme/default/template/checkout/checkout.tpl
CODE: <h1><?php echo $heading_title; ?></h1>
LINE: 26

FILE: catalog/view/theme/organic/template/checkout/checkout.tpl
CODE: <h1><?php echo $heading_title; ?></h1>
NOT FOUND - OPERATIONS ABORTED!
----------------------------------------------------------------
MOD: OcStore 2.3.x track number

FILE: admin/controller/sale/order.php
CODE: $data['shipping_method'] = $order_info['shipping_method'];
LINE: 567
LINE: 942
CODE: public function history() {
LINE: 1545

FILE: admin/model/sale/order.php
CODE: $order_query->row['order_id'],
LINE: 96

FILE: catalog/model/checkout/order.php
CODE: $order_query->row['order_id'],
LINE: 170

FILE: admin/view/template/sale/order_info.tpl
CODE: <td><?php echo $text_reward; ?></td>
LINE: 100
CODE: <?php echo $footer; ?>
LINE: 700

FILE: catalog/model/account/order.php
CODE: $order_query->row['order_id'],
LINE: 46

FILE: catalog/controller/account/order.php
CODE: if ($order_info['invoice_no']) {
LINE: 210

FILE: catalog/view/theme/default/template/account/order_info.tpl
CODE: <b><?php echo $text_shipping_method; ?></b> <?php echo $shipping_method; ?>
LINE: 49

FILE: catalog/view/theme/organic/template/account/order_info.tpl
CODE: <b><?php echo $text_shipping_method; ?></b> <?php echo $shipping_method; ?>
LINE: 49
----------------------------------------------------------------
MOD: SVG Tool Image

FILE: admin/controller/common/filemanager.php
CODE: jpg,jpeg,png,gif,JPG,JPEG,PNG,GIF
LINE: 72
CODE: 'gif',
LINE: 305
CODE: 'image/x-png',
LINE: 318

FILE: admin/model/tool/image.php
CODE: $new_image
LINE: 47
CODE: $extension = pathinfo($filename, PATHINFO_EXTENSION);
LINE: 16
CODE: $extension = $info['extension'];
NOT FOUND - OPERATION SKIPPED!
CODE: if (isset($this->request->server['HTTPS']) && (($this->request->server['HTTPS'] == 'on') || ($this->request->server['HTTPS'] == '1'))) {
LINE: 53
CODE: if ($this->request->server['HTTPS']) {
NOT FOUND - OPERATION SKIPPED!

FILE: catalog/model/tool/image.php
CODE: $new_image
LINE: 47
LINE: 50
LINE: 52
CODE: $extension = pathinfo($filename, PATHINFO_EXTENSION);
LINE: 16
CODE: $extension = $info['extension'];
NOT FOUND - OPERATION SKIPPED!
CODE: if (isset($this->request->server['HTTPS']) && (($this->request->server['HTTPS'] == 'on') || ($this->request->server['HTTPS'] == '1'))) {
LINE: 53
CODE: if ($this->request->server['HTTPS']) {
NOT FOUND - OPERATION SKIPPED!
----------------------------------------------------------------
MOD: List Out All Products OpenCart 2.3 OCmod

FILE: catalog/controller/common/header.php
CODE: $data['categories'] = array();
LINE: 98
----------------------------------------------------------------
MOD: Local copy OCMOD by iSenseLabs

FILE: admin/controller/extension/installer.php
CODE: 'url'  => str_replace('&amp;', '&', $this->url->link('extension/installer/ftp', 'token=' . $this->session->data['token'],
LINE: 131
CODE: public function unzip() {
LINE: 292
----------------------------------------------------------------
MOD: NewsBlog - create unlimited categories with articles

FILE: admin/controller/common/column_left.php
CODE: // Catalog
LINE: 72

FILE: admin/language/ru-ru/common/column_left.php
CODE: $_['text_catalog']
LINE: 9

FILE: admin/language/en-gb/common/column_left.php
CODE: $_['text_catalog']
LINE: 9

FILE: catalog/controller/common/column_left.php
CODE: if ($route == 'information/information' && isset($this->request->get['information_id'])) {
LINE: 42

FILE: catalog/controller/common/column_right.php
CODE: if ($route == 'information/information' && isset($this->request->get['information_id'])) {
LINE: 42

FILE: catalog/controller/common/content_bottom.php
CODE: if ($route == 'information/information' && isset($this->request->get['information_id'])) {
LINE: 42

FILE: catalog/controller/common/content_top.php
CODE: if ($route == 'information/information' && isset($this->request->get['information_id'])) {
LINE: 42

FILE: catalog/controller/startup/seo_url.php
CODE: if ($url[0] == 'information_id') {
LINE: 52
CODE: $url[0] != 'information_id'
LINE: 56
CODE: } elseif (isset($this->request->get['information_id'])) {
LINE: 79
CODE: ($data['route'] == 'information/information' && $key == 'information_id')
LINE: 97
CODE: } elseif ($key == 'path') {
LINE: 123

FILE: catalog/controller/startup/seo_pro.php
CODE: if ($url[0] == 'category_id') {
LINE: 74
CODE: if (isset($this->request->get['product_id'])) {
LINE: 99
CODE: case 'product/product':
LINE: 164
CODE: case 'product_id':
LINE: 229
CODE: private function getPathByProduct($product_id) {
LINE: 357

FILE: catalog/controller/information/sitemap.php
CODE: $this->load->model('catalog/information');
LINE: 118

FILE: catalog/view/theme/default/template/information/sitemap.tpl
CODE: <li><?php echo $text_information; ?>
LINE: 69
CODE: $data['language'] = $this->load->controller('common/language');
LINE: 174
----------------------------------------------------------------
MOD: Автозаполнение SEO url

FILE: admin/view/template/common/footer.tpl
CODE: </body>
LINE: 44
----------------------------------------------------------------
MOD: Newsletters
CODE: if ($this->user->hasPermission('access', 'marketing/contact')) {
				$marketing[] = array(
					'name'	   => $this->language->get('text_contact'),
					'href'     => $this->url->link('marketing/contact', 'token=' . $this->session->data['token'], true),
					'children' => array()		
				);
			}
NOT FOUND - OPERATIONS ABORTED!
----------------------------------------------------------------
MOD: Y.CMS for Opencart 2.0.x - 2.3.x
CODE: // History
LINE: 375
CODE: </tfoot>
LINE: 132
REGEX: ~o.date_added, o.date_modified FROM~
LINE: 175

FILE: admin/language/en-gb/sale/order.php
REGEX: ~(\$_\[\'text_add\'\])~
LINE: 8

FILE: admin/language/ru-ru/sale/order.php
REGEX: ~(\$_\[\'text_add\'\])~
LINE: 8

FILE: system/library/mail.php
CODE: basename(urlencode($attachment))
NOT FOUND - OPERATIONS ABORTED!
CODE: 'shipping_code' => $result['shipping_code'],
LINE: 220
CODE: $data['button_add'] = $this->language->get('button_add');
LINE: 256

FILE: admin/view/template/sale/order_list.tpl
CODE: <div class="pull-right">
LINE: 7
REGEX: ~(\<\/i\>\<\/)(button|a)(\>)(\<\/td\>)~
LINE: 150

FILE: catalog/controller/common/footer.php
CODE: $data['newsletter'] = $this->url->link('account/newsletter'
LINE: 48

FILE: catalog/controller/checkout/success.php
CODE: if (isset($this->session->data['order_id'])) {
LINE: 8

FILE: catalog/view/theme/default/template/common/success.tpl
CODE: <?php echo $footer; ?>
LINE: 24

FILE: catalog/view/theme/organic/template/common/success.tpl
CODE: <?php echo $footer; ?>
LINE: 25

FILE: catalog/view/theme/default/template/common/footer.tpl
CODE: <footer
LINE: 32

FILE: catalog/view/theme/organic/template/common/footer.tpl
CODE: <footer
LINE: 34
CODE: $('.alert').remove();
LINE: 383
LINE: 410
LINE: 440
LINE: 470
LINE: 500
LINE: 530
LINE: 558
LINE: 611
LINE: 684
CODE: $('#button-history').on('click', function() {
LINE: 619
----------------------------------------------------------------
MOD: Quick Login / Sign up

FILE: catalog/view/theme/default/template/common/header.tpl
CODE: <?php echo $telephone; ?></span></li>
LINE: 58
CODE: <li><a href="<?php echo $wishlist; ?>"
LINE: 77
CODE: </header>
LINE: 107

FILE: catalog/view/theme/organic/template/common/header.tpl
CODE: <?php echo $telephone; ?></span></li>
NOT FOUND - OPERATIONS ABORTED!
CODE: $this->load->language('common/header');
LINE: 53

FILE: catalog/language/en-gb/common/header.php
CODE: // Text
LINE: 4

FILE: catalog/language/ru-ru/common/header.php
CODE: // Text
LINE: 4
----------------------------------------------------------------
2017-12-15 11:45:35 - MOD: Modification Default

FILE: system/engine/action.php
REGEX: ~(require|include)(_once)?\(([^)]+)~
LINE: 41

FILE: system/engine/loader.php
REGEX: ~(require|include)(_once)?\(([^)]+)~
LINE: 49
LINE: 108
LINE: 120
LINE: 165

FILE: system/library/config.php
REGEX: ~(require|include)(_once)?\(([^)]+)~
LINE: 23

FILE: system/library/language.php
REGEX: ~(require|include)(_once)?\(([^)]+)~
LINE: 38
LINE: 40
LINE: 49
LINE: 51
LINE: 60
LINE: 62

FILE: system/library/template/php.php
REGEX: ~(require|include)(_once)?\(([^)]+)~
LINE: 18

FILE: system/library/template/tiwg.php
REGEX: ~(require|include)(_once)?\(([^)]+)~
LINE: 24
----------------------------------------------------------------
MOD: fondy_payment

FILE: catalog/controller/checkout/checkout.php
CODE: public function index() {
LINE: 11

FILE: catalog/view/theme/default/template/checkout/checkout.tpl
CODE: <h1><?php echo $heading_title; ?></h1>
LINE: 26

FILE: catalog/view/theme/organic/template/checkout/checkout.tpl
CODE: <h1><?php echo $heading_title; ?></h1>
NOT FOUND - OPERATIONS ABORTED!
----------------------------------------------------------------
MOD: OcStore 2.3.x track number

FILE: admin/controller/sale/order.php
CODE: $data['shipping_method'] = $order_info['shipping_method'];
LINE: 567
LINE: 942
CODE: public function history() {
LINE: 1545

FILE: admin/model/sale/order.php
CODE: $order_query->row['order_id'],
LINE: 96

FILE: catalog/model/checkout/order.php
CODE: $order_query->row['order_id'],
LINE: 170

FILE: admin/view/template/sale/order_info.tpl
CODE: <td><?php echo $text_reward; ?></td>
LINE: 100
CODE: <?php echo $footer; ?>
LINE: 700

FILE: catalog/model/account/order.php
CODE: $order_query->row['order_id'],
LINE: 46

FILE: catalog/controller/account/order.php
CODE: if ($order_info['invoice_no']) {
LINE: 210

FILE: catalog/view/theme/default/template/account/order_info.tpl
CODE: <b><?php echo $text_shipping_method; ?></b> <?php echo $shipping_method; ?>
LINE: 49

FILE: catalog/view/theme/organic/template/account/order_info.tpl
CODE: <b><?php echo $text_shipping_method; ?></b> <?php echo $shipping_method; ?>
LINE: 49
----------------------------------------------------------------
MOD: SVG Tool Image

FILE: admin/controller/common/filemanager.php
CODE: jpg,jpeg,png,gif,JPG,JPEG,PNG,GIF
LINE: 72
CODE: 'gif',
LINE: 305
CODE: 'image/x-png',
LINE: 318

FILE: admin/model/tool/image.php
CODE: $new_image
LINE: 47
CODE: $extension = pathinfo($filename, PATHINFO_EXTENSION);
LINE: 16
CODE: $extension = $info['extension'];
NOT FOUND - OPERATION SKIPPED!
CODE: if (isset($this->request->server['HTTPS']) && (($this->request->server['HTTPS'] == 'on') || ($this->request->server['HTTPS'] == '1'))) {
LINE: 53
CODE: if ($this->request->server['HTTPS']) {
NOT FOUND - OPERATION SKIPPED!

FILE: catalog/model/tool/image.php
CODE: $new_image
LINE: 47
LINE: 50
LINE: 52
CODE: $extension = pathinfo($filename, PATHINFO_EXTENSION);
LINE: 16
CODE: $extension = $info['extension'];
NOT FOUND - OPERATION SKIPPED!
CODE: if (isset($this->request->server['HTTPS']) && (($this->request->server['HTTPS'] == 'on') || ($this->request->server['HTTPS'] == '1'))) {
LINE: 53
CODE: if ($this->request->server['HTTPS']) {
NOT FOUND - OPERATION SKIPPED!
----------------------------------------------------------------
MOD: List Out All Products OpenCart 2.3 OCmod

FILE: catalog/controller/common/header.php
CODE: $data['categories'] = array();
LINE: 98
----------------------------------------------------------------
MOD: Local copy OCMOD by iSenseLabs

FILE: admin/controller/extension/installer.php
CODE: 'url'  => str_replace('&amp;', '&', $this->url->link('extension/installer/ftp', 'token=' . $this->session->data['token'],
LINE: 131
CODE: public function unzip() {
LINE: 292
----------------------------------------------------------------
MOD: NewsBlog - create unlimited categories with articles

FILE: admin/controller/common/column_left.php
CODE: // Catalog
LINE: 72

FILE: admin/language/ru-ru/common/column_left.php
CODE: $_['text_catalog']
LINE: 9

FILE: admin/language/en-gb/common/column_left.php
CODE: $_['text_catalog']
LINE: 9

FILE: catalog/controller/common/column_left.php
CODE: if ($route == 'information/information' && isset($this->request->get['information_id'])) {
LINE: 42

FILE: catalog/controller/common/column_right.php
CODE: if ($route == 'information/information' && isset($this->request->get['information_id'])) {
LINE: 42

FILE: catalog/controller/common/content_bottom.php
CODE: if ($route == 'information/information' && isset($this->request->get['information_id'])) {
LINE: 42

FILE: catalog/controller/common/content_top.php
CODE: if ($route == 'information/information' && isset($this->request->get['information_id'])) {
LINE: 42

FILE: catalog/controller/startup/seo_url.php
CODE: if ($url[0] == 'information_id') {
LINE: 52
CODE: $url[0] != 'information_id'
LINE: 56
CODE: } elseif (isset($this->request->get['information_id'])) {
LINE: 79
CODE: ($data['route'] == 'information/information' && $key == 'information_id')
LINE: 97
CODE: } elseif ($key == 'path') {
LINE: 123

FILE: catalog/controller/startup/seo_pro.php
CODE: if ($url[0] == 'category_id') {
LINE: 74
CODE: if (isset($this->request->get['product_id'])) {
LINE: 99
CODE: case 'product/product':
LINE: 164
CODE: case 'product_id':
LINE: 229
CODE: private function getPathByProduct($product_id) {
LINE: 357

FILE: catalog/controller/information/sitemap.php
CODE: $this->load->model('catalog/information');
LINE: 118

FILE: catalog/view/theme/default/template/information/sitemap.tpl
CODE: <li><?php echo $text_information; ?>
LINE: 69
CODE: $data['language'] = $this->load->controller('common/language');
LINE: 174
----------------------------------------------------------------
MOD: Автозаполнение SEO url

FILE: admin/view/template/common/footer.tpl
CODE: </body>
LINE: 44
----------------------------------------------------------------
MOD: Newsletters
CODE: if ($this->user->hasPermission('access', 'marketing/contact')) {
				$marketing[] = array(
					'name'	   => $this->language->get('text_contact'),
					'href'     => $this->url->link('marketing/contact', 'token=' . $this->session->data['token'], true),
					'children' => array()		
				);
			}
NOT FOUND - OPERATIONS ABORTED!
----------------------------------------------------------------
MOD: Y.CMS for Opencart 2.0.x - 2.3.x
CODE: // History
LINE: 375
CODE: </tfoot>
LINE: 132
REGEX: ~o.date_added, o.date_modified FROM~
LINE: 175

FILE: admin/language/en-gb/sale/order.php
REGEX: ~(\$_\[\'text_add\'\])~
LINE: 8

FILE: admin/language/ru-ru/sale/order.php
REGEX: ~(\$_\[\'text_add\'\])~
LINE: 8

FILE: system/library/mail.php
CODE: basename(urlencode($attachment))
NOT FOUND - OPERATIONS ABORTED!
CODE: 'shipping_code' => $result['shipping_code'],
LINE: 220
CODE: $data['button_add'] = $this->language->get('button_add');
LINE: 256

FILE: admin/view/template/sale/order_list.tpl
CODE: <div class="pull-right">
LINE: 7
REGEX: ~(\<\/i\>\<\/)(button|a)(\>)(\<\/td\>)~
LINE: 150

FILE: catalog/controller/common/footer.php
CODE: $data['newsletter'] = $this->url->link('account/newsletter'
LINE: 48

FILE: catalog/controller/checkout/success.php
CODE: if (isset($this->session->data['order_id'])) {
LINE: 8

FILE: catalog/view/theme/default/template/common/success.tpl
CODE: <?php echo $footer; ?>
LINE: 24

FILE: catalog/view/theme/organic/template/common/success.tpl
CODE: <?php echo $footer; ?>
LINE: 25

FILE: catalog/view/theme/default/template/common/footer.tpl
CODE: <footer
LINE: 32

FILE: catalog/view/theme/organic/template/common/footer.tpl
CODE: <footer
LINE: 34
CODE: $('.alert').remove();
LINE: 383
LINE: 410
LINE: 440
LINE: 470
LINE: 500
LINE: 530
LINE: 558
LINE: 611
LINE: 684
CODE: $('#button-history').on('click', function() {
LINE: 619
----------------------------------------------------------------
MOD: Quick Login / Sign up

FILE: catalog/view/theme/default/template/common/header.tpl
CODE: <?php echo $telephone; ?></span></li>
LINE: 58
CODE: <li><a href="<?php echo $wishlist; ?>"
LINE: 77
CODE: </header>
LINE: 107

FILE: catalog/view/theme/organic/template/common/header.tpl
CODE: <?php echo $telephone; ?></span></li>
NOT FOUND - OPERATIONS ABORTED!
CODE: $this->load->language('common/header');
LINE: 53

FILE: catalog/language/en-gb/common/header.php
CODE: // Text
LINE: 4

FILE: catalog/language/ru-ru/common/header.php
CODE: // Text
LINE: 4
----------------------------------------------------------------
