---------- Date: 2017-09-12 16:00:21 ~ IP : 127.0.0.1 ----------
REQUEST URI : /index.php?route=product/allproducts
MOD DETAILS:
   modFile   : W:\domains\ocstore\vqmod/xml/all_products.xml
   id        : All Products Footer Link
   version   : 1.0
   vqmver    : 2.1.6
   author    : grgr
VQModObject::parseMods - Could not resolve path for [catalog/language/english/common/footer.php] (SKIPPED)

File Name    : catalog/controller/common/footer.php(1)
VQModObject::applyMod - SEARCH NOT FOUND (ABORTING MOD): $data['newsletter'] = $this->url->link('account/newsletter', '', 'SSL');

----------------------------------------------------------------------


---------- Date: 2017-09-12 16:12:09 ~ IP : 127.0.0.1 ----------
REQUEST URI : /
MOD DETAILS:
   modFile   : W:\domains\ocstore\vqmod/xml/all_products.ocmod.xml
   id        : All Products Footer Link
   version   : 1.0
   vqmver    : 2.1.6
   author    : grgr
VQModObject::parseMods - Could not resolve path for [catalog/language/english/common/footer.php] (SKIPPED)
VQModObject::parseMods - Could not resolve path for [catalog/language/english/common/footer.php] (SKIPPED)

File Name    : catalog/controller/common/footer.php(1)
VQModObject::applyMod - SEARCH NOT FOUND (ABORTING MOD): $data['newsletter'] = $this->url->link('account/newsletter', '', 'SSL');

File Name    : catalog/controller/common/footer.php(1)
VQModObject::applyMod - SEARCH NOT FOUND (ABORTING MOD): $data['newsletter'] = $this->url->link('account/newsletter', '', 'SSL');

----------------------------------------------------------------------


---------- Date: 2017-09-12 16:25:26 ~ IP : 127.0.0.1 ----------
REQUEST URI : /index.php?route=product/allproducts
MOD DETAILS:
   modFile   : W:\domains\ocstore\vqmod/xml/all_products.xml
   id        : All Products Footer Link
   version   : 1.0
   vqmver    : 2.1.6
   author    : grgr

File Name    : catalog/controller/common/footer.php(1)
VQModObject::applyMod - SEARCH NOT FOUND (ABORTING MOD): $data['newsletter'] = $this->url->link('account/newsletter', '', 'SSL');

----------------------------------------------------------------------


